[2025-06-12T09:10:04.892+0000] {taskinstance.py:1103} INFO - Dependencies all met for dep_context=non-requeueable deps ti=<TaskInstance: yfinance_pipeline.extract_yfinance manual__2025-06-12T09:04:59.769943+00:00 [queued]>
[2025-06-12T09:10:04.910+0000] {taskinstance.py:1103} INFO - Dependencies all met for dep_context=requeueable deps ti=<TaskInstance: yfinance_pipeline.extract_yfinance manual__2025-06-12T09:04:59.769943+00:00 [queued]>
[2025-06-12T09:10:04.911+0000] {taskinstance.py:1308} INFO - Starting attempt 2 of 2
[2025-06-12T09:10:04.946+0000] {taskinstance.py:1327} INFO - Executing <Task(DockerOperator): extract_yfinance> on 2025-06-12 09:04:59.769943+00:00
[2025-06-12T09:10:04.958+0000] {standard_task_runner.py:57} INFO - Started process 271 to run task
[2025-06-12T09:10:04.964+0000] {standard_task_runner.py:84} INFO - Running: ['***', 'tasks', 'run', 'yfinance_pipeline', 'extract_yfinance', 'manual__2025-06-12T09:04:59.769943+00:00', '--job-id', '27', '--raw', '--subdir', 'DAGS_FOLDER/yfinance_pipeline_dag.py', '--cfg-path', '/tmp/tmpc5lll_di']
[2025-06-12T09:10:04.966+0000] {standard_task_runner.py:85} INFO - Job 27: Subtask extract_yfinance
[2025-06-12T09:10:05.058+0000] {task_command.py:410} INFO - Running <TaskInstance: yfinance_pipeline.extract_yfinance manual__2025-06-12T09:04:59.769943+00:00 [running]> on host c8950c9ffc98
[2025-06-12T09:10:05.223+0000] {taskinstance.py:1547} INFO - Exporting env vars: AIRFLOW_CTX_DAG_OWNER='***' AIRFLOW_CTX_DAG_ID='yfinance_pipeline' AIRFLOW_CTX_TASK_ID='extract_yfinance' AIRFLOW_CTX_EXECUTION_DATE='2025-06-12T09:04:59.769943+00:00' AIRFLOW_CTX_TRY_NUMBER='2' AIRFLOW_CTX_DAG_RUN_ID='manual__2025-06-12T09:04:59.769943+00:00'
[2025-06-12T09:10:05.342+0000] {docker.py:334} INFO - Starting docker container from image yfinance_extraction:latest
[2025-06-12T09:10:07.130+0000] {docker.py:403} INFO - 2025-06-12 09:10:07,127 - __main__ - INFO - ==================================================
2025-06-12 09:10:07,128 - __main__ - INFO - YFINANCE DATA FETCHER - 5 YEARS HISTORICAL DATA
2025-06-12 09:10:07,128 - __main__ - INFO - ==================================================
[2025-06-12T09:10:07.131+0000] {docker.py:403} INFO - 2025-06-12 09:10:07,128 - __main__ - INFO - Fetching data from 2020-06-13 to 2025-06-12
[2025-06-12T09:10:07.382+0000] {docker.py:403} INFO - 2025-06-12 09:10:07,380 - __main__ - INFO - Successfully loaded 950 tickers from /app/tickers.xlsx
2025-06-12 09:10:07,380 - __main__ - INFO - Processing batch 1: tickers 1-10
[2025-06-12T09:10:07.383+0000] {docker.py:403} INFO - 2025-06-12 09:10:07,381 - __main__ - INFO - Processing 0/950: AALI.JK
[2025-06-12T09:10:08.367+0000] {docker.py:403} INFO - 2025-06-12 09:10:08,365 - __main__ - INFO - ✅ Successfully fetched 1199 records for AALI.JK
[2025-06-12T09:10:09.367+0000] {docker.py:403} INFO - 2025-06-12 09:10:09,365 - __main__ - INFO - Progress: 0/950 processed | Success: 1 | Failed: 0
2025-06-12 09:10:09,365 - __main__ - INFO - Processing 1/950: ABBA.JK
[2025-06-12T09:10:09.830+0000] {docker.py:403} INFO - 2025-06-12 09:10:09,828 - __main__ - INFO - ✅ Successfully fetched 1199 records for ABBA.JK
[2025-06-12T09:10:10.831+0000] {docker.py:403} INFO - 2025-06-12 09:10:10,828 - __main__ - INFO - Processing 2/950: ABDA.JK
[2025-06-12T09:10:11.326+0000] {docker.py:403} INFO - 2025-06-12 09:10:11,324 - __main__ - INFO - ✅ Successfully fetched 1199 records for ABDA.JK
[2025-06-12T09:10:12.327+0000] {docker.py:403} INFO - 2025-06-12 09:10:12,325 - __main__ - INFO - Processing 3/950: ABMM.JK
[2025-06-12T09:10:12.795+0000] {docker.py:403} INFO - 2025-06-12 09:10:12,793 - __main__ - INFO - ✅ Successfully fetched 1199 records for ABMM.JK
[2025-06-12T09:10:13.796+0000] {docker.py:403} INFO - 2025-06-12 09:10:13,793 - __main__ - INFO - Processing 4/950: ACES.JK
[2025-06-12T09:10:14.256+0000] {docker.py:403} INFO - 2025-06-12 09:10:14,254 - __main__ - INFO - ✅ Successfully fetched 1199 records for ACES.JK
[2025-06-12T09:10:15.256+0000] {docker.py:403} INFO - 2025-06-12 09:10:15,254 - __main__ - INFO - Processing 5/950: ACST.JK
[2025-06-12T09:10:15.703+0000] {docker.py:403} INFO - 2025-06-12 09:10:15,701 - __main__ - INFO - ✅ Successfully fetched 1199 records for ACST.JK
[2025-06-12T09:10:16.703+0000] {docker.py:403} INFO - 2025-06-12 09:10:16,701 - __main__ - INFO - Processing 6/950: ADES.JK
[2025-06-12T09:10:17.145+0000] {docker.py:403} INFO - 2025-06-12 09:10:17,143 - __main__ - INFO - ✅ Successfully fetched 1199 records for ADES.JK
[2025-06-12T09:10:18.146+0000] {docker.py:403} INFO - 2025-06-12 09:10:18,143 - __main__ - INFO - Processing 7/950: ADHI.JK
[2025-06-12T09:10:18.629+0000] {docker.py:403} INFO - 2025-06-12 09:10:18,626 - __main__ - INFO - ✅ Successfully fetched 1199 records for ADHI.JK
[2025-06-12T09:10:19.629+0000] {docker.py:403} INFO - 2025-06-12 09:10:19,626 - __main__ - INFO - Processing 8/950: ADMF.JK
[2025-06-12T09:10:20.181+0000] {docker.py:403} INFO - 2025-06-12 09:10:20,179 - __main__ - INFO - ✅ Successfully fetched 1199 records for ADMF.JK
[2025-06-12T09:10:21.182+0000] {docker.py:403} INFO - 2025-06-12 09:10:21,179 - __main__ - INFO - Processing 9/950: ADMG.JK
[2025-06-12T09:10:21.639+0000] {docker.py:403} INFO - 2025-06-12 09:10:21,637 - __main__ - INFO - ✅ Successfully fetched 1199 records for ADMG.JK
[2025-06-12T09:10:22.677+0000] {docker.py:403} INFO - 2025-06-12 09:10:22,675 - __main__ - INFO - Processing batch 2: tickers 11-20
2025-06-12 09:10:22,675 - __main__ - INFO - Processing 0/950: ADRO.JK
[2025-06-12T09:10:23.138+0000] {docker.py:403} INFO - 2025-06-12 09:10:23,136 - __main__ - INFO - ✅ Successfully fetched 1199 records for ADRO.JK
[2025-06-12T09:10:24.140+0000] {docker.py:403} INFO - 2025-06-12 09:10:24,137 - __main__ - INFO - Progress: 0/950 processed | Success: 11 | Failed: 0
2025-06-12 09:10:24,137 - __main__ - INFO - Processing 1/950: AGII.JK
[2025-06-12T09:10:24.613+0000] {docker.py:403} INFO - 2025-06-12 09:10:24,611 - __main__ - INFO - ✅ Successfully fetched 1199 records for AGII.JK
[2025-06-12T09:10:25.614+0000] {docker.py:403} INFO - 2025-06-12 09:10:25,611 - __main__ - INFO - Processing 2/950: AGRO.JK
[2025-06-12T09:10:26.065+0000] {docker.py:403} INFO - 2025-06-12 09:10:26,063 - __main__ - INFO - ✅ Successfully fetched 1199 records for AGRO.JK
[2025-06-12T09:10:27.066+0000] {docker.py:403} INFO - 2025-06-12 09:10:27,064 - __main__ - INFO - Processing 3/950: AGRS.JK
[2025-06-12T09:10:27.517+0000] {docker.py:403} INFO - 2025-06-12 09:10:27,515 - __main__ - INFO - ✅ Successfully fetched 1199 records for AGRS.JK
[2025-06-12T09:10:28.518+0000] {docker.py:403} INFO - 2025-06-12 09:10:28,516 - __main__ - INFO - Processing 4/950: AHAP.JK
[2025-06-12T09:10:29.033+0000] {docker.py:403} INFO - 2025-06-12 09:10:29,030 - __main__ - INFO - ✅ Successfully fetched 1199 records for AHAP.JK
[2025-06-12T09:10:30.033+0000] {docker.py:403} INFO - 2025-06-12 09:10:30,031 - __main__ - INFO - Processing 5/950: AIMS.JK
[2025-06-12T09:10:30.503+0000] {docker.py:403} INFO - 2025-06-12 09:10:30,500 - __main__ - INFO - ✅ Successfully fetched 1199 records for AIMS.JK
[2025-06-12T09:10:31.502+0000] {docker.py:403} INFO - 2025-06-12 09:10:31,500 - __main__ - INFO - Processing 6/950: AISA.JK
[2025-06-12T09:10:32.000+0000] {docker.py:403} INFO - 2025-06-12 09:10:31,998 - __main__ - INFO - ✅ Successfully fetched 1199 records for AISA.JK
[2025-06-12T09:10:33.001+0000] {docker.py:403} INFO - 2025-06-12 09:10:32,998 - __main__ - INFO - Processing 7/950: AKKU.JK
[2025-06-12T09:10:34.073+0000] {docker.py:403} INFO - 2025-06-12 09:10:34,070 - __main__ - INFO - ✅ Successfully fetched 1199 records for AKKU.JK
[2025-06-12T09:10:36.242+0000] {docker.py:403} INFO - 2025-06-12 09:10:36,240 - __main__ - INFO - Processing 8/950: AKPI.JK
[2025-06-12T09:10:36.763+0000] {docker.py:403} INFO - 2025-06-12 09:10:36,760 - __main__ - INFO - ✅ Successfully fetched 1199 records for AKPI.JK
[2025-06-12T09:10:37.763+0000] {docker.py:403} INFO - 2025-06-12 09:10:37,761 - __main__ - INFO - Processing 9/950: AKRA.JK
[2025-06-12T09:10:38.272+0000] {docker.py:403} INFO - 2025-06-12 09:10:38,269 - __main__ - INFO - ✅ Successfully fetched 1199 records for AKRA.JK
[2025-06-12T09:10:39.326+0000] {docker.py:403} INFO - 2025-06-12 09:10:39,323 - __main__ - INFO - Processing batch 3: tickers 21-30
2025-06-12 09:10:39,324 - __main__ - INFO - Processing 0/950: AKSI.JK
[2025-06-12T09:10:39.782+0000] {docker.py:403} INFO - 2025-06-12 09:10:39,780 - __main__ - INFO - ✅ Successfully fetched 1199 records for AKSI.JK
[2025-06-12T09:10:40.784+0000] {docker.py:403} INFO - 2025-06-12 09:10:40,781 - __main__ - INFO - Progress: 0/950 processed | Success: 21 | Failed: 0
2025-06-12 09:10:40,781 - __main__ - INFO - Processing 1/950: ALDO.JK
[2025-06-12T09:10:41.263+0000] {docker.py:403} INFO - 2025-06-12 09:10:41,261 - __main__ - INFO - ✅ Successfully fetched 1199 records for ALDO.JK
[2025-06-12T09:10:42.264+0000] {docker.py:403} INFO - 2025-06-12 09:10:42,261 - __main__ - INFO - Processing 2/950: ALKA.JK
[2025-06-12T09:10:42.737+0000] {docker.py:403} INFO - 2025-06-12 09:10:42,735 - __main__ - INFO - ✅ Successfully fetched 1199 records for ALKA.JK
[2025-06-12T09:10:43.737+0000] {docker.py:403} INFO - 2025-06-12 09:10:43,735 - __main__ - INFO - Processing 3/950: ALMI.JK
[2025-06-12T09:10:44.197+0000] {docker.py:403} INFO - 2025-06-12 09:10:44,195 - __main__ - INFO - ✅ Successfully fetched 1199 records for ALMI.JK
[2025-06-12T09:10:45.197+0000] {docker.py:403} INFO - 2025-06-12 09:10:45,195 - __main__ - INFO - Processing 4/950: ALTO.JK
[2025-06-12T09:10:45.632+0000] {docker.py:403} INFO - 2025-06-12 09:10:45,630 - __main__ - INFO - ✅ Successfully fetched 1199 records for ALTO.JK
[2025-06-12T09:10:46.634+0000] {docker.py:403} INFO - 2025-06-12 09:10:46,631 - __main__ - INFO - Processing 5/950: AMAG.JK
[2025-06-12T09:10:47.156+0000] {docker.py:403} INFO - 2025-06-12 09:10:47,154 - __main__ - INFO - ✅ Successfully fetched 1199 records for AMAG.JK
[2025-06-12T09:10:48.157+0000] {docker.py:403} INFO - 2025-06-12 09:10:48,154 - __main__ - INFO - Processing 6/950: AMFG.JK
[2025-06-12T09:10:48.626+0000] {docker.py:403} INFO - 2025-06-12 09:10:48,623 - __main__ - INFO - ✅ Successfully fetched 1199 records for AMFG.JK
[2025-06-12T09:10:49.627+0000] {docker.py:403} INFO - 2025-06-12 09:10:49,624 - __main__ - INFO - Processing 7/950: AMIN.JK
[2025-06-12T09:10:50.098+0000] {docker.py:403} INFO - 2025-06-12 09:10:50,096 - __main__ - INFO - ✅ Successfully fetched 1199 records for AMIN.JK
[2025-06-12T09:10:51.098+0000] {docker.py:403} INFO - 2025-06-12 09:10:51,096 - __main__ - INFO - Processing 8/950: AMRT.JK
[2025-06-12T09:10:51.598+0000] {docker.py:403} INFO - 2025-06-12 09:10:51,596 - __main__ - INFO - ✅ Successfully fetched 1199 records for AMRT.JK
[2025-06-12T09:10:52.598+0000] {docker.py:403} INFO - 2025-06-12 09:10:52,596 - __main__ - INFO - Processing 9/950: ANJT.JK
[2025-06-12T09:10:53.056+0000] {docker.py:403} INFO - 2025-06-12 09:10:53,054 - __main__ - INFO - ✅ Successfully fetched 1199 records for ANJT.JK
[2025-06-12T09:10:54.091+0000] {docker.py:403} INFO - 2025-06-12 09:10:54,089 - __main__ - INFO - Processing batch 4: tickers 31-40
2025-06-12 09:10:54,089 - __main__ - INFO - Processing 0/950: ANTM.JK
[2025-06-12T09:10:54.633+0000] {docker.py:403} INFO - 2025-06-12 09:10:54,631 - __main__ - INFO - ✅ Successfully fetched 1199 records for ANTM.JK
[2025-06-12T09:10:55.634+0000] {docker.py:403} INFO - 2025-06-12 09:10:55,631 - __main__ - INFO - Progress: 0/950 processed | Success: 31 | Failed: 0
2025-06-12 09:10:55,631 - __main__ - INFO - Processing 1/950: APEX.JK
[2025-06-12T09:10:56.078+0000] {docker.py:403} INFO - 2025-06-12 09:10:56,076 - __main__ - INFO - ✅ Successfully fetched 1199 records for APEX.JK
[2025-06-12T09:10:57.079+0000] {docker.py:403} INFO - 2025-06-12 09:10:57,077 - __main__ - INFO - Processing 2/950: APIC.JK
[2025-06-12T09:10:57.559+0000] {docker.py:403} INFO - 2025-06-12 09:10:57,556 - __main__ - INFO - ✅ Successfully fetched 1199 records for APIC.JK
[2025-06-12T09:10:58.560+0000] {docker.py:403} INFO - 2025-06-12 09:10:58,557 - __main__ - INFO - Processing 3/950: APII.JK
[2025-06-12T09:10:59.014+0000] {docker.py:403} INFO - 2025-06-12 09:10:59,011 - __main__ - INFO - ✅ Successfully fetched 1199 records for APII.JK
[2025-06-12T09:11:00.015+0000] {docker.py:403} INFO - 2025-06-12 09:11:00,012 - __main__ - INFO - Processing 4/950: APLI.JK
[2025-06-12T09:11:00.473+0000] {docker.py:403} INFO - 2025-06-12 09:11:00,472 - __main__ - INFO - ✅ Successfully fetched 1199 records for APLI.JK
[2025-06-12T09:11:01.474+0000] {docker.py:403} INFO - 2025-06-12 09:11:01,472 - __main__ - INFO - Processing 5/950: APLN.JK
[2025-06-12T09:11:01.902+0000] {docker.py:403} INFO - 2025-06-12 09:11:01,900 - __main__ - INFO - ✅ Successfully fetched 1199 records for APLN.JK
[2025-06-12T09:11:02.904+0000] {docker.py:403} INFO - 2025-06-12 09:11:02,900 - __main__ - INFO - Processing 6/950: ARGO.JK
[2025-06-12T09:11:03.309+0000] {docker.py:403} INFO - 2025-06-12 09:11:03,306 - __main__ - INFO - ✅ Successfully fetched 1199 records for ARGO.JK
[2025-06-12T09:11:04.311+0000] {docker.py:403} INFO - 2025-06-12 09:11:04,307 - __main__ - INFO - Processing 7/950: ARII.JK
[2025-06-12T09:11:04.759+0000] {docker.py:403} INFO - 2025-06-12 09:11:04,756 - __main__ - INFO - ✅ Successfully fetched 1199 records for ARII.JK
[2025-06-12T09:11:07.570+0000] {docker.py:403} INFO - 2025-06-12 09:11:07,567 - __main__ - INFO - Processing 8/950: ARNA.JK
[2025-06-12T09:11:08.088+0000] {docker.py:403} INFO - 2025-06-12 09:11:08,085 - __main__ - INFO - ✅ Successfully fetched 1199 records for ARNA.JK
[2025-06-12T09:11:09.088+0000] {docker.py:403} INFO - 2025-06-12 09:11:09,086 - __main__ - INFO - Processing 9/950: ARTA.JK
[2025-06-12T09:11:09.575+0000] {docker.py:403} INFO - 2025-06-12 09:11:09,573 - __main__ - INFO - ✅ Successfully fetched 1199 records for ARTA.JK
[2025-06-12T09:11:10.634+0000] {docker.py:403} INFO - 2025-06-12 09:11:10,632 - __main__ - INFO - Processing batch 5: tickers 41-50
2025-06-12 09:11:10,632 - __main__ - INFO - Processing 0/950: ARTI.JK
[2025-06-12T09:11:11.076+0000] {docker.py:403} INFO - 2025-06-12 09:11:11,074 - __main__ - INFO - ✅ Successfully fetched 1199 records for ARTI.JK
[2025-06-12T09:11:12.077+0000] {docker.py:403} INFO - 2025-06-12 09:11:12,074 - __main__ - INFO - Progress: 0/950 processed | Success: 41 | Failed: 0
2025-06-12 09:11:12,075 - __main__ - INFO - Processing 1/950: ARTO.JK
[2025-06-12T09:11:12.560+0000] {docker.py:403} INFO - 2025-06-12 09:11:12,558 - __main__ - INFO - ✅ Successfully fetched 1199 records for ARTO.JK
[2025-06-12T09:11:13.561+0000] {docker.py:403} INFO - 2025-06-12 09:11:13,558 - __main__ - INFO - Processing 2/950: ASBI.JK
[2025-06-12T09:11:14.059+0000] {docker.py:403} INFO - 2025-06-12 09:11:14,057 - __main__ - INFO - ✅ Successfully fetched 1199 records for ASBI.JK
[2025-06-12T09:11:15.060+0000] {docker.py:403} INFO - 2025-06-12 09:11:15,058 - __main__ - INFO - Processing 3/950: ASDM.JK
[2025-06-12T09:11:15.547+0000] {docker.py:403} INFO - 2025-06-12 09:11:15,545 - __main__ - INFO - ✅ Successfully fetched 1199 records for ASDM.JK
[2025-06-12T09:11:16.548+0000] {docker.py:403} INFO - 2025-06-12 09:11:16,545 - __main__ - INFO - Processing 4/950: ASGR.JK
[2025-06-12T09:11:17.018+0000] {docker.py:403} INFO - 2025-06-12 09:11:17,016 - __main__ - INFO - ✅ Successfully fetched 1199 records for ASGR.JK
[2025-06-12T09:11:18.019+0000] {docker.py:403} INFO - 2025-06-12 09:11:18,017 - __main__ - INFO - Processing 5/950: ASII.JK
[2025-06-12T09:11:18.495+0000] {docker.py:403} INFO - 2025-06-12 09:11:18,493 - __main__ - INFO - ✅ Successfully fetched 1199 records for ASII.JK
[2025-06-12T09:11:19.496+0000] {docker.py:403} INFO - 2025-06-12 09:11:19,493 - __main__ - INFO - Processing 6/950: ASJT.JK
[2025-06-12T09:11:19.967+0000] {docker.py:403} INFO - 2025-06-12 09:11:19,965 - __main__ - INFO - ✅ Successfully fetched 1199 records for ASJT.JK
[2025-06-12T09:11:20.969+0000] {docker.py:403} INFO - 2025-06-12 09:11:20,966 - __main__ - INFO - Processing 7/950: ASMI.JK
[2025-06-12T09:11:21.378+0000] {docker.py:403} INFO - 2025-06-12 09:11:21,376 - __main__ - INFO - ✅ Successfully fetched 1199 records for ASMI.JK
[2025-06-12T09:11:22.379+0000] {docker.py:403} INFO - 2025-06-12 09:11:22,376 - __main__ - INFO - Processing 8/950: ASRI.JK
[2025-06-12T09:11:22.805+0000] {docker.py:403} INFO - 2025-06-12 09:11:22,803 - __main__ - INFO - ✅ Successfully fetched 1199 records for ASRI.JK
[2025-06-12T09:11:23.806+0000] {docker.py:403} INFO - 2025-06-12 09:11:23,803 - __main__ - INFO - Processing 9/950: ASRM.JK
[2025-06-12T09:11:24.266+0000] {docker.py:403} INFO - 2025-06-12 09:11:24,264 - __main__ - INFO - ✅ Successfully fetched 1199 records for ASRM.JK
[2025-06-12T09:11:25.300+0000] {docker.py:403} INFO - 2025-06-12 09:11:25,297 - __main__ - INFO - Intermediate save - 50 tickers processed
2025-06-12 09:11:25,297 - __main__ - INFO - Processing batch 6: tickers 51-60
2025-06-12 09:11:25,298 - __main__ - INFO - Processing 0/950: ASSA.JK
[2025-06-12T09:11:25.746+0000] {docker.py:403} INFO - 2025-06-12 09:11:25,743 - __main__ - INFO - ✅ Successfully fetched 1199 records for ASSA.JK
[2025-06-12T09:11:26.747+0000] {docker.py:403} INFO - 2025-06-12 09:11:26,743 - __main__ - INFO - Progress: 0/950 processed | Success: 51 | Failed: 0
2025-06-12 09:11:26,744 - __main__ - INFO - Processing 1/950: ATIC.JK
[2025-06-12T09:11:27.211+0000] {docker.py:403} INFO - 2025-06-12 09:11:27,209 - __main__ - INFO - ✅ Successfully fetched 1199 records for ATIC.JK
[2025-06-12T09:11:28.212+0000] {docker.py:403} INFO - 2025-06-12 09:11:28,209 - __main__ - INFO - Processing 2/950: AUTO.JK
[2025-06-12T09:11:28.711+0000] {docker.py:403} INFO - 2025-06-12 09:11:28,708 - __main__ - INFO - ✅ Successfully fetched 1199 records for AUTO.JK
[2025-06-12T09:11:29.712+0000] {docker.py:403} INFO - 2025-06-12 09:11:29,709 - __main__ - INFO - Processing 3/950: BABP.JK
[2025-06-12T09:11:30.184+0000] {docker.py:403} INFO - 2025-06-12 09:11:30,182 - __main__ - INFO - ✅ Successfully fetched 1199 records for BABP.JK
[2025-06-12T09:11:31.186+0000] {docker.py:403} INFO - 2025-06-12 09:11:31,183 - __main__ - INFO - Processing 4/950: BACA.JK
[2025-06-12T09:11:31.594+0000] {docker.py:403} INFO - 2025-06-12 09:11:31,592 - __main__ - INFO - ✅ Successfully fetched 1199 records for BACA.JK
[2025-06-12T09:11:32.596+0000] {docker.py:403} INFO - 2025-06-12 09:11:32,592 - __main__ - INFO - Processing 5/950: BAJA.JK
[2025-06-12T09:11:33.006+0000] {docker.py:403} INFO - 2025-06-12 09:11:33,004 - __main__ - INFO - ✅ Successfully fetched 1199 records for BAJA.JK
[2025-06-12T09:11:34.007+0000] {docker.py:403} INFO - 2025-06-12 09:11:34,004 - __main__ - INFO - Processing 6/950: BALI.JK
[2025-06-12T09:11:34.494+0000] {docker.py:403} INFO - 2025-06-12 09:11:34,492 - __main__ - INFO - ✅ Successfully fetched 1199 records for BALI.JK
[2025-06-12T09:11:35.495+0000] {docker.py:403} INFO - 2025-06-12 09:11:35,493 - __main__ - INFO - Processing 7/950: BAPA.JK
[2025-06-12T09:11:35.952+0000] {docker.py:403} INFO - 2025-06-12 09:11:35,950 - __main__ - INFO - ✅ Successfully fetched 1199 records for BAPA.JK
[2025-06-12T09:11:37.623+0000] {docker.py:403} INFO - 2025-06-12 09:11:37,620 - __main__ - INFO - Processing 8/950: BATA.JK
[2025-06-12T09:11:39.257+0000] {docker.py:403} INFO - 2025-06-12 09:11:39,255 - __main__ - INFO - ✅ Successfully fetched 1199 records for BATA.JK
[2025-06-12T09:11:40.257+0000] {docker.py:403} INFO - 2025-06-12 09:11:40,255 - __main__ - INFO - Processing 9/950: BAYU.JK
[2025-06-12T09:11:40.835+0000] {docker.py:403} INFO - 2025-06-12 09:11:40,833 - __main__ - INFO - ✅ Successfully fetched 1199 records for BAYU.JK
[2025-06-12T09:11:41.883+0000] {docker.py:403} INFO - 2025-06-12 09:11:41,880 - __main__ - INFO - Processing batch 7: tickers 61-70
2025-06-12 09:11:41,881 - __main__ - INFO - Processing 0/950: BBCA.JK
[2025-06-12T09:11:42.385+0000] {docker.py:403} INFO - 2025-06-12 09:11:42,382 - __main__ - INFO - ✅ Successfully fetched 1199 records for BBCA.JK
[2025-06-12T09:11:43.385+0000] {docker.py:403} INFO - 2025-06-12 09:11:43,382 - __main__ - INFO - Progress: 0/950 processed | Success: 61 | Failed: 0
2025-06-12 09:11:43,383 - __main__ - INFO - Processing 1/950: BBHI.JK
[2025-06-12T09:11:43.889+0000] {docker.py:403} INFO - 2025-06-12 09:11:43,887 - __main__ - INFO - ✅ Successfully fetched 1199 records for BBHI.JK
[2025-06-12T09:11:44.890+0000] {docker.py:403} INFO - 2025-06-12 09:11:44,887 - __main__ - INFO - Processing 2/950: BBKP.JK
[2025-06-12T09:11:45.381+0000] {docker.py:403} INFO - 2025-06-12 09:11:45,378 - __main__ - INFO - ✅ Successfully fetched 1199 records for BBKP.JK
[2025-06-12T09:11:46.382+0000] {docker.py:403} INFO - 2025-06-12 09:11:46,379 - __main__ - INFO - Processing 3/950: BBLD.JK
[2025-06-12T09:11:46.852+0000] {docker.py:403} INFO - 2025-06-12 09:11:46,849 - __main__ - INFO - ✅ Successfully fetched 1199 records for BBLD.JK
[2025-06-12T09:11:47.852+0000] {docker.py:403} INFO - 2025-06-12 09:11:47,850 - __main__ - INFO - Processing 4/950: BBMD.JK
[2025-06-12T09:11:48.286+0000] {docker.py:403} INFO - 2025-06-12 09:11:48,284 - __main__ - INFO - ✅ Successfully fetched 1199 records for BBMD.JK
[2025-06-12T09:11:49.287+0000] {docker.py:403} INFO - 2025-06-12 09:11:49,284 - __main__ - INFO - Processing 5/950: BBNI.JK
[2025-06-12T09:11:49.787+0000] {docker.py:403} INFO - 2025-06-12 09:11:49,784 - __main__ - INFO - ✅ Successfully fetched 1199 records for BBNI.JK
[2025-06-12T09:11:50.788+0000] {docker.py:403} INFO - 2025-06-12 09:11:50,785 - __main__ - INFO - Processing 6/950: BBRI.JK
[2025-06-12T09:11:51.266+0000] {docker.py:403} INFO - 2025-06-12 09:11:51,263 - __main__ - INFO - ✅ Successfully fetched 1199 records for BBRI.JK
[2025-06-12T09:11:52.266+0000] {docker.py:403} INFO - 2025-06-12 09:11:52,264 - __main__ - INFO - Processing 7/950: BBRM.JK
[2025-06-12T09:11:52.677+0000] {docker.py:403} INFO - 2025-06-12 09:11:52,674 - __main__ - INFO - ✅ Successfully fetched 1199 records for BBRM.JK
[2025-06-12T09:11:53.678+0000] {docker.py:403} INFO - 2025-06-12 09:11:53,675 - __main__ - INFO - Processing 8/950: BBTN.JK
[2025-06-12T09:11:54.126+0000] {docker.py:403} INFO - 2025-06-12 09:11:54,123 - __main__ - INFO - ✅ Successfully fetched 1199 records for BBTN.JK
[2025-06-12T09:11:55.126+0000] {docker.py:403} INFO - 2025-06-12 09:11:55,124 - __main__ - INFO - Processing 9/950: BBYB.JK
[2025-06-12T09:11:55.625+0000] {docker.py:403} INFO - 2025-06-12 09:11:55,622 - __main__ - INFO - ✅ Successfully fetched 1199 records for BBYB.JK
[2025-06-12T09:11:56.670+0000] {docker.py:403} INFO - 2025-06-12 09:11:56,668 - __main__ - INFO - Processing batch 8: tickers 71-80
2025-06-12 09:11:56,668 - __main__ - INFO - Processing 0/950: BCAP.JK
[2025-06-12T09:11:57.106+0000] {docker.py:403} INFO - 2025-06-12 09:11:57,104 - __main__ - INFO - ✅ Successfully fetched 1199 records for BCAP.JK
[2025-06-12T09:11:58.106+0000] {docker.py:403} INFO - 2025-06-12 09:11:58,104 - __main__ - INFO - Progress: 0/950 processed | Success: 71 | Failed: 0
2025-06-12 09:11:58,104 - __main__ - INFO - Processing 1/950: BCIC.JK
[2025-06-12T09:11:58.539+0000] {docker.py:403} INFO - 2025-06-12 09:11:58,536 - __main__ - INFO - ✅ Successfully fetched 1199 records for BCIC.JK
[2025-06-12T09:11:59.540+0000] {docker.py:403} INFO - 2025-06-12 09:11:59,537 - __main__ - INFO - Processing 2/950: BCIP.JK
[2025-06-12T09:11:59.959+0000] {docker.py:403} INFO - 2025-06-12 09:11:59,956 - __main__ - INFO - ✅ Successfully fetched 1199 records for BCIP.JK
[2025-06-12T09:12:00.960+0000] {docker.py:403} INFO - 2025-06-12 09:12:00,957 - __main__ - INFO - Processing 3/950: BDMN.JK
[2025-06-12T09:12:01.475+0000] {docker.py:403} INFO - 2025-06-12 09:12:01,473 - __main__ - INFO - ✅ Successfully fetched 1199 records for BDMN.JK
[2025-06-12T09:12:02.476+0000] {docker.py:403} INFO - 2025-06-12 09:12:02,474 - __main__ - INFO - Processing 4/950: BEKS.JK
[2025-06-12T09:12:02.915+0000] {docker.py:403} INFO - 2025-06-12 09:12:02,912 - __main__ - INFO - ✅ Successfully fetched 1199 records for BEKS.JK
[2025-06-12T09:12:03.915+0000] {docker.py:403} INFO - 2025-06-12 09:12:03,912 - __main__ - INFO - Processing 5/950: BEST.JK
[2025-06-12T09:12:04.418+0000] {docker.py:403} INFO - 2025-06-12 09:12:04,415 - __main__ - INFO - ✅ Successfully fetched 1199 records for BEST.JK
[2025-06-12T09:12:05.418+0000] {docker.py:403} INFO - 2025-06-12 09:12:05,415 - __main__ - INFO - Processing 6/950: BFIN.JK
[2025-06-12T09:12:05.936+0000] {docker.py:403} INFO - 2025-06-12 09:12:05,934 - __main__ - INFO - ✅ Successfully fetched 1199 records for BFIN.JK
[2025-06-12T09:12:06.936+0000] {docker.py:403} INFO - 2025-06-12 09:12:06,934 - __main__ - INFO - Processing 7/950: BGTG.JK
[2025-06-12T09:12:07.385+0000] {docker.py:403} INFO - 2025-06-12 09:12:07,383 - __main__ - INFO - ✅ Successfully fetched 1199 records for BGTG.JK
[2025-06-12T09:12:08.386+0000] {docker.py:403} INFO - 2025-06-12 09:12:08,383 - __main__ - INFO - Processing 8/950: BHIT.JK
[2025-06-12T09:12:09.500+0000] {docker.py:403} INFO - 2025-06-12 09:12:09,498 - __main__ - INFO - ✅ Successfully fetched 1199 records for BHIT.JK
[2025-06-12T09:12:11.680+0000] {docker.py:403} INFO - 2025-06-12 09:12:11,677 - __main__ - INFO - Processing 9/950: BIKA.JK
[2025-06-12T09:12:12.127+0000] {docker.py:403} INFO - 2025-06-12 09:12:12,124 - __main__ - INFO - ✅ Successfully fetched 1199 records for BIKA.JK
[2025-06-12T09:12:13.167+0000] {docker.py:403} INFO - 2025-06-12 09:12:13,164 - __main__ - INFO - Processing batch 9: tickers 81-90
2025-06-12 09:12:13,165 - __main__ - INFO - Processing 0/950: BIMA.JK
[2025-06-12T09:12:13.608+0000] {docker.py:403} INFO - 2025-06-12 09:12:13,605 - __main__ - INFO - ✅ Successfully fetched 1199 records for BIMA.JK
[2025-06-12T09:12:14.609+0000] {docker.py:403} INFO - 2025-06-12 09:12:14,606 - __main__ - INFO - Progress: 0/950 processed | Success: 81 | Failed: 0
2025-06-12 09:12:14,606 - __main__ - INFO - Processing 1/950: BINA.JK
[2025-06-12T09:12:15.248+0000] {docker.py:403} INFO - 2025-06-12 09:12:15,246 - __main__ - INFO - ✅ Successfully fetched 1199 records for BINA.JK
[2025-06-12T09:12:16.248+0000] {docker.py:403} INFO - 2025-06-12 09:12:16,246 - __main__ - INFO - Processing 2/950: BIPI.JK
[2025-06-12T09:12:16.666+0000] {docker.py:403} INFO - 2025-06-12 09:12:16,664 - __main__ - INFO - ✅ Successfully fetched 1199 records for BIPI.JK
[2025-06-12T09:12:17.668+0000] {docker.py:403} INFO - 2025-06-12 09:12:17,665 - __main__ - INFO - Processing 3/950: BIPP.JK
[2025-06-12T09:12:18.099+0000] {docker.py:403} INFO - 2025-06-12 09:12:18,096 - __main__ - INFO - ✅ Successfully fetched 1199 records for BIPP.JK
[2025-06-12T09:12:19.099+0000] {docker.py:403} INFO - 2025-06-12 09:12:19,097 - __main__ - INFO - Processing 4/950: BIRD.JK
[2025-06-12T09:12:19.570+0000] {docker.py:403} INFO - 2025-06-12 09:12:19,569 - __main__ - INFO - ✅ Successfully fetched 1199 records for BIRD.JK
[2025-06-12T09:12:20.572+0000] {docker.py:403} INFO - 2025-06-12 09:12:20,569 - __main__ - INFO - Processing 5/950: BISI.JK
[2025-06-12T09:12:21.086+0000] {docker.py:403} INFO - 2025-06-12 09:12:21,083 - __main__ - INFO - ✅ Successfully fetched 1199 records for BISI.JK
[2025-06-12T09:12:22.086+0000] {docker.py:403} INFO - 2025-06-12 09:12:22,083 - __main__ - INFO - Processing 6/950: BJBR.JK
[2025-06-12T09:12:22.565+0000] {docker.py:403} INFO - 2025-06-12 09:12:22,563 - __main__ - INFO - ✅ Successfully fetched 1199 records for BJBR.JK
[2025-06-12T09:12:23.567+0000] {docker.py:403} INFO - 2025-06-12 09:12:23,564 - __main__ - INFO - Processing 7/950: BJTM.JK
[2025-06-12T09:12:24.069+0000] {docker.py:403} INFO - 2025-06-12 09:12:24,066 - __main__ - INFO - ✅ Successfully fetched 1199 records for BJTM.JK
[2025-06-12T09:12:25.069+0000] {docker.py:403} INFO - 2025-06-12 09:12:25,067 - __main__ - INFO - Processing 8/950: BKDP.JK
[2025-06-12T09:12:25.510+0000] {docker.py:403} INFO - 2025-06-12 09:12:25,508 - __main__ - INFO - ✅ Successfully fetched 1199 records for BKDP.JK
[2025-06-12T09:12:26.511+0000] {docker.py:403} INFO - 2025-06-12 09:12:26,509 - __main__ - INFO - Processing 9/950: BKSL.JK
[2025-06-12T09:12:26.915+0000] {docker.py:403} INFO - 2025-06-12 09:12:26,913 - __main__ - INFO - ✅ Successfully fetched 1199 records for BKSL.JK
[2025-06-12T09:12:27.959+0000] {docker.py:403} INFO - 2025-06-12 09:12:27,956 - __main__ - INFO - Processing batch 10: tickers 91-100
2025-06-12 09:12:27,957 - __main__ - INFO - Processing 0/950: BKSW.JK
[2025-06-12T09:12:28.386+0000] {docker.py:403} INFO - 2025-06-12 09:12:28,384 - __main__ - INFO - ✅ Successfully fetched 1199 records for BKSW.JK
[2025-06-12T09:12:29.387+0000] {docker.py:403} INFO - 2025-06-12 09:12:29,384 - __main__ - INFO - Progress: 0/950 processed | Success: 91 | Failed: 0
2025-06-12 09:12:29,385 - __main__ - INFO - Processing 1/950: BLTA.JK
[2025-06-12T09:12:29.974+0000] {docker.py:403} INFO - 2025-06-12 09:12:29,971 - __main__ - INFO - ✅ Successfully fetched 1199 records for BLTA.JK
[2025-06-12T09:12:30.974+0000] {docker.py:403} INFO - 2025-06-12 09:12:30,972 - __main__ - INFO - Processing 2/950: BLTZ.JK
[2025-06-12T09:12:31.376+0000] {docker.py:403} INFO - 2025-06-12 09:12:31,374 - __main__ - INFO - ✅ Successfully fetched 1199 records for BLTZ.JK
[2025-06-12T09:12:32.377+0000] {docker.py:403} INFO - 2025-06-12 09:12:32,375 - __main__ - INFO - Processing 3/950: BMAS.JK
[2025-06-12T09:12:32.854+0000] {docker.py:403} INFO - 2025-06-12 09:12:32,851 - __main__ - INFO - ✅ Successfully fetched 1199 records for BMAS.JK
[2025-06-12T09:12:33.854+0000] {docker.py:403} INFO - 2025-06-12 09:12:33,852 - __main__ - INFO - Processing 4/950: BMRI.JK
[2025-06-12T09:12:34.367+0000] {docker.py:403} INFO - 2025-06-12 09:12:34,364 - __main__ - INFO - ✅ Successfully fetched 1199 records for BMRI.JK
[2025-06-12T09:12:35.367+0000] {docker.py:403} INFO - 2025-06-12 09:12:35,365 - __main__ - INFO - Processing 5/950: BMSR.JK
[2025-06-12T09:12:35.806+0000] {docker.py:403} INFO - 2025-06-12 09:12:35,803 - __main__ - INFO - ✅ Successfully fetched 1199 records for BMSR.JK
[2025-06-12T09:12:36.806+0000] {docker.py:403} INFO - 2025-06-12 09:12:36,804 - __main__ - INFO - Processing 6/950: BMTR.JK
[2025-06-12T09:12:37.280+0000] {docker.py:403} INFO - 2025-06-12 09:12:37,278 - __main__ - INFO - ✅ Successfully fetched 1199 records for BMTR.JK
[2025-06-12T09:12:38.280+0000] {docker.py:403} INFO - 2025-06-12 09:12:38,278 - __main__ - INFO - Processing 7/950: BNBA.JK
[2025-06-12T09:12:38.811+0000] {docker.py:403} INFO - 2025-06-12 09:12:38,809 - __main__ - INFO - ✅ Successfully fetched 1199 records for BNBA.JK
[2025-06-12T09:12:39.812+0000] {docker.py:403} INFO - 2025-06-12 09:12:39,809 - __main__ - INFO - Processing 8/950: BNBR.JK
[2025-06-12T09:12:40.278+0000] {docker.py:403} INFO - 2025-06-12 09:12:40,275 - __main__ - INFO - ✅ Successfully fetched 1199 records for BNBR.JK
[2025-06-12T09:12:43.056+0000] {docker.py:403} INFO - 2025-06-12 09:12:43,054 - __main__ - INFO - Processing 9/950: BNGA.JK
[2025-06-12T09:12:43.640+0000] {docker.py:403} INFO - 2025-06-12 09:12:43,636 - __main__ - INFO - ✅ Successfully fetched 1199 records for BNGA.JK
[2025-06-12T09:12:44.684+0000] {docker.py:403} INFO - 2025-06-12 09:12:44,681 - __main__ - INFO - Intermediate save - 100 tickers processed
2025-06-12 09:12:44,681 - __main__ - INFO - Processing batch 11: tickers 101-110
2025-06-12 09:12:44,681 - __main__ - INFO - Processing 0/950: BNII.JK
[2025-06-12T09:12:45.222+0000] {docker.py:403} INFO - 2025-06-12 09:12:45,220 - __main__ - INFO - ✅ Successfully fetched 1199 records for BNII.JK
[2025-06-12T09:12:46.223+0000] {docker.py:403} INFO - 2025-06-12 09:12:46,220 - __main__ - INFO - Progress: 0/950 processed | Success: 101 | Failed: 0
2025-06-12 09:12:46,221 - __main__ - INFO - Processing 1/950: BNLI.JK
[2025-06-12T09:12:46.689+0000] {docker.py:403} INFO - 2025-06-12 09:12:46,687 - __main__ - INFO - ✅ Successfully fetched 1199 records for BNLI.JK
[2025-06-12T09:12:47.690+0000] {docker.py:403} INFO - 2025-06-12 09:12:47,687 - __main__ - INFO - Processing 2/950: BOLT.JK
[2025-06-12T09:12:48.131+0000] {docker.py:403} INFO - 2025-06-12 09:12:48,129 - __main__ - INFO - ✅ Successfully fetched 1199 records for BOLT.JK
[2025-06-12T09:12:49.131+0000] {docker.py:403} INFO - 2025-06-12 09:12:49,129 - __main__ - INFO - Processing 3/950: BPFI.JK
[2025-06-12T09:12:49.642+0000] {docker.py:403} INFO - 2025-06-12 09:12:49,639 - __main__ - INFO - ✅ Successfully fetched 1199 records for BPFI.JK
[2025-06-12T09:12:50.642+0000] {docker.py:403} INFO - 2025-06-12 09:12:50,640 - __main__ - INFO - Processing 4/950: BPII.JK
[2025-06-12T09:12:51.066+0000] {docker.py:403} INFO - 2025-06-12 09:12:51,064 - __main__ - INFO - ✅ Successfully fetched 1199 records for BPII.JK
[2025-06-12T09:12:52.067+0000] {docker.py:403} INFO - 2025-06-12 09:12:52,064 - __main__ - INFO - Processing 5/950: BRAM.JK
[2025-06-12T09:12:52.597+0000] {docker.py:403} INFO - 2025-06-12 09:12:52,595 - __main__ - INFO - ✅ Successfully fetched 1199 records for BRAM.JK
[2025-06-12T09:12:53.598+0000] {docker.py:403} INFO - 2025-06-12 09:12:53,595 - __main__ - INFO - Processing 6/950: BRMS.JK
[2025-06-12T09:12:54.047+0000] {docker.py:403} INFO - 2025-06-12 09:12:54,045 - __main__ - INFO - ✅ Successfully fetched 1199 records for BRMS.JK
[2025-06-12T09:12:55.048+0000] {docker.py:403} INFO - 2025-06-12 09:12:55,046 - __main__ - INFO - Processing 7/950: BRNA.JK
[2025-06-12T09:12:55.772+0000] {docker.py:403} INFO - 2025-06-12 09:12:55,770 - __main__ - INFO - ✅ Successfully fetched 1199 records for BRNA.JK
[2025-06-12T09:12:56.773+0000] {docker.py:403} INFO - 2025-06-12 09:12:56,770 - __main__ - INFO - Processing 8/950: BRPT.JK
[2025-06-12T09:12:57.304+0000] {docker.py:403} INFO - 2025-06-12 09:12:57,302 - __main__ - INFO - ✅ Successfully fetched 1199 records for BRPT.JK
[2025-06-12T09:12:58.305+0000] {docker.py:403} INFO - 2025-06-12 09:12:58,302 - __main__ - INFO - Processing 9/950: BSDE.JK
[2025-06-12T09:12:58.806+0000] {docker.py:403} INFO - 2025-06-12 09:12:58,804 - __main__ - INFO - ✅ Successfully fetched 1199 records for BSDE.JK
[2025-06-12T09:12:59.856+0000] {docker.py:403} INFO - 2025-06-12 09:12:59,854 - __main__ - INFO - Processing batch 12: tickers 111-120
2025-06-12 09:12:59,854 - __main__ - INFO - Processing 0/950: BSIM.JK
[2025-06-12T09:13:00.366+0000] {docker.py:403} INFO - 2025-06-12 09:13:00,364 - __main__ - INFO - ✅ Successfully fetched 1199 records for BSIM.JK
[2025-06-12T09:13:01.366+0000] {docker.py:403} INFO - 2025-06-12 09:13:01,364 - __main__ - INFO - Progress: 0/950 processed | Success: 111 | Failed: 0
2025-06-12 09:13:01,364 - __main__ - INFO - Processing 1/950: BSSR.JK
[2025-06-12T09:13:01.842+0000] {docker.py:403} INFO - 2025-06-12 09:13:01,840 - __main__ - INFO - ✅ Successfully fetched 1199 records for BSSR.JK
[2025-06-12T09:13:02.843+0000] {docker.py:403} INFO - 2025-06-12 09:13:02,841 - __main__ - INFO - Processing 2/950: BSWD.JK
[2025-06-12T09:13:03.264+0000] {docker.py:403} INFO - 2025-06-12 09:13:03,262 - __main__ - INFO - ✅ Successfully fetched 1199 records for BSWD.JK
[2025-06-12T09:13:04.265+0000] {docker.py:403} INFO - 2025-06-12 09:13:04,263 - __main__ - INFO - Processing 3/950: BTEK.JK
[2025-06-12T09:13:04.674+0000] {docker.py:403} INFO - 2025-06-12 09:13:04,672 - __main__ - INFO - ✅ Successfully fetched 1199 records for BTEK.JK
[2025-06-12T09:13:05.674+0000] {docker.py:403} INFO - 2025-06-12 09:13:05,672 - __main__ - INFO - Processing 4/950: BTEL.JK
[2025-06-12T09:13:06.087+0000] {docker.py:403} INFO - 2025-06-12 09:13:06,085 - __main__ - INFO - ✅ Successfully fetched 1199 records for BTEL.JK
[2025-06-12T09:13:07.088+0000] {docker.py:403} INFO - 2025-06-12 09:13:07,085 - __main__ - INFO - Processing 5/950: BTON.JK
[2025-06-12T09:13:07.576+0000] {docker.py:403} INFO - 2025-06-12 09:13:07,573 - __main__ - INFO - ✅ Successfully fetched 1199 records for BTON.JK
[2025-06-12T09:13:08.575+0000] {docker.py:403} INFO - 2025-06-12 09:13:08,573 - __main__ - INFO - Processing 6/950: BTPN.JK
[2025-06-12T09:13:09.061+0000] {docker.py:403} INFO - 2025-06-12 09:13:09,059 - __main__ - INFO - ✅ Successfully fetched 1199 records for BTPN.JK
[2025-06-12T09:13:10.062+0000] {docker.py:403} INFO - 2025-06-12 09:13:10,059 - __main__ - INFO - Processing 7/950: BUDI.JK
[2025-06-12T09:13:10.597+0000] {docker.py:403} INFO - 2025-06-12 09:13:10,594 - __main__ - INFO - ✅ Successfully fetched 1199 records for BUDI.JK
[2025-06-12T09:13:11.597+0000] {docker.py:403} INFO - 2025-06-12 09:13:11,595 - __main__ - INFO - Processing 8/950: BUKK.JK
[2025-06-12T09:13:12.041+0000] {docker.py:403} INFO - 2025-06-12 09:13:12,038 - __main__ - INFO - ✅ Successfully fetched 1199 records for BUKK.JK
[2025-06-12T09:13:14.845+0000] {docker.py:403} INFO - 2025-06-12 09:13:14,843 - __main__ - INFO - Processing 9/950: BULL.JK
[2025-06-12T09:13:15.322+0000] {docker.py:403} INFO - 2025-06-12 09:13:15,319 - __main__ - INFO - ✅ Successfully fetched 1199 records for BULL.JK
[2025-06-12T09:13:16.365+0000] {docker.py:403} INFO - 2025-06-12 09:13:16,362 - __main__ - INFO - Processing batch 13: tickers 121-130
2025-06-12 09:13:16,362 - __main__ - INFO - Processing 0/950: BUMI.JK
[2025-06-12T09:13:16.816+0000] {docker.py:403} INFO - 2025-06-12 09:13:16,814 - __main__ - INFO - ✅ Successfully fetched 1199 records for BUMI.JK
[2025-06-12T09:13:17.818+0000] {docker.py:403} INFO - 2025-06-12 09:13:17,814 - __main__ - INFO - Progress: 0/950 processed | Success: 121 | Failed: 0
2025-06-12 09:13:17,815 - __main__ - INFO - Processing 1/950: BUVA.JK
[2025-06-12T09:13:18.250+0000] {docker.py:403} INFO - 2025-06-12 09:13:18,248 - __main__ - INFO - ✅ Successfully fetched 1199 records for BUVA.JK
[2025-06-12T09:13:19.252+0000] {docker.py:403} INFO - 2025-06-12 09:13:19,249 - __main__ - INFO - Processing 2/950: BVIC.JK
[2025-06-12T09:13:19.733+0000] {docker.py:403} INFO - 2025-06-12 09:13:19,730 - __main__ - INFO - ✅ Successfully fetched 1199 records for BVIC.JK
[2025-06-12T09:13:20.734+0000] {docker.py:403} INFO - 2025-06-12 09:13:20,731 - __main__ - INFO - Processing 3/950: BWPT.JK
[2025-06-12T09:13:21.255+0000] {docker.py:403} INFO - 2025-06-12 09:13:21,252 - __main__ - INFO - ✅ Successfully fetched 1199 records for BWPT.JK
[2025-06-12T09:13:22.255+0000] {docker.py:403} INFO - 2025-06-12 09:13:22,253 - __main__ - INFO - Processing 4/950: BYAN.JK
[2025-06-12T09:13:22.743+0000] {docker.py:403} INFO - 2025-06-12 09:13:22,742 - __main__ - INFO - ✅ Successfully fetched 1199 records for BYAN.JK
[2025-06-12T09:13:23.745+0000] {docker.py:403} INFO - 2025-06-12 09:13:23,742 - __main__ - INFO - Processing 5/950: CANI.JK
[2025-06-12T09:13:24.294+0000] {docker.py:403} INFO - 2025-06-12 09:13:24,292 - __main__ - INFO - ✅ Successfully fetched 1199 records for CANI.JK
[2025-06-12T09:13:25.294+0000] {docker.py:403} INFO - 2025-06-12 09:13:25,292 - __main__ - INFO - Processing 6/950: CASS.JK
[2025-06-12T09:13:25.722+0000] {docker.py:403} INFO - 2025-06-12 09:13:25,720 - __main__ - INFO - ✅ Successfully fetched 1199 records for CASS.JK
[2025-06-12T09:13:26.723+0000] {docker.py:403} INFO - 2025-06-12 09:13:26,720 - __main__ - INFO - Processing 7/950: CEKA.JK
[2025-06-12T09:13:27.207+0000] {docker.py:403} INFO - 2025-06-12 09:13:27,205 - __main__ - INFO - ✅ Successfully fetched 1199 records for CEKA.JK
[2025-06-12T09:13:28.208+0000] {docker.py:403} INFO - 2025-06-12 09:13:28,205 - __main__ - INFO - Processing 8/950: CENT.JK
[2025-06-12T09:13:28.673+0000] {docker.py:403} INFO - 2025-06-12 09:13:28,670 - __main__ - INFO - ✅ Successfully fetched 1199 records for CENT.JK
[2025-06-12T09:13:29.673+0000] {docker.py:403} INFO - 2025-06-12 09:13:29,670 - __main__ - INFO - Processing 9/950: CFIN.JK
[2025-06-12T09:13:30.226+0000] {docker.py:403} INFO - 2025-06-12 09:13:30,224 - __main__ - INFO - ✅ Successfully fetched 1199 records for CFIN.JK
[2025-06-12T09:13:31.279+0000] {docker.py:403} INFO - 2025-06-12 09:13:31,277 - __main__ - INFO - Processing batch 14: tickers 131-140
2025-06-12 09:13:31,277 - __main__ - INFO - Processing 0/950: CINT.JK
[2025-06-12T09:13:31.786+0000] {docker.py:403} INFO - 2025-06-12 09:13:31,784 - __main__ - INFO - ✅ Successfully fetched 1199 records for CINT.JK
[2025-06-12T09:13:32.786+0000] {docker.py:403} INFO - 2025-06-12 09:13:32,784 - __main__ - INFO - Progress: 0/950 processed | Success: 131 | Failed: 0
2025-06-12 09:13:32,784 - __main__ - INFO - Processing 1/950: CITA.JK
[2025-06-12T09:13:33.252+0000] {docker.py:403} INFO - 2025-06-12 09:13:33,249 - __main__ - INFO - ✅ Successfully fetched 1199 records for CITA.JK
[2025-06-12T09:13:34.253+0000] {docker.py:403} INFO - 2025-06-12 09:13:34,250 - __main__ - INFO - Processing 2/950: CLPI.JK
[2025-06-12T09:13:34.765+0000] {docker.py:403} INFO - 2025-06-12 09:13:34,763 - __main__ - INFO - ✅ Successfully fetched 1199 records for CLPI.JK
[2025-06-12T09:13:35.767+0000] {docker.py:403} INFO - 2025-06-12 09:13:35,764 - __main__ - INFO - Processing 3/950: CMNP.JK
[2025-06-12T09:13:36.202+0000] {docker.py:403} INFO - 2025-06-12 09:13:36,200 - __main__ - INFO - ✅ Successfully fetched 1199 records for CMNP.JK
[2025-06-12T09:13:37.203+0000] {docker.py:403} INFO - 2025-06-12 09:13:37,200 - __main__ - INFO - Processing 4/950: CMPP.JK
[2025-06-12T09:13:37.642+0000] {docker.py:403} INFO - 2025-06-12 09:13:37,640 - __main__ - INFO - ✅ Successfully fetched 1199 records for CMPP.JK
[2025-06-12T09:13:38.643+0000] {docker.py:403} INFO - 2025-06-12 09:13:38,640 - __main__ - INFO - Processing 5/950: CNKO.JK
[2025-06-12T09:13:39.081+0000] {docker.py:403} INFO - 2025-06-12 09:13:39,079 - __main__ - INFO - ✅ Successfully fetched 1199 records for CNKO.JK
[2025-06-12T09:13:40.082+0000] {docker.py:403} INFO - 2025-06-12 09:13:40,080 - __main__ - INFO - Processing 6/950: CNTX.JK
[2025-06-12T09:13:40.551+0000] {docker.py:403} INFO - 2025-06-12 09:13:40,548 - __main__ - INFO - ✅ Successfully fetched 1199 records for CNTX.JK
[2025-06-12T09:13:41.551+0000] {docker.py:403} INFO - 2025-06-12 09:13:41,549 - __main__ - INFO - Processing 7/950: COWL.JK
[2025-06-12T09:13:42.022+0000] {docker.py:403} INFO - 2025-06-12 09:13:42,019 - __main__ - INFO - ✅ Successfully fetched 1199 records for COWL.JK
[2025-06-12T09:13:43.023+0000] {docker.py:403} INFO - 2025-06-12 09:13:43,020 - __main__ - INFO - Processing 8/950: CPIN.JK
[2025-06-12T09:13:43.552+0000] {docker.py:403} INFO - 2025-06-12 09:13:43,550 - __main__ - INFO - ✅ Successfully fetched 1199 records for CPIN.JK
[2025-06-12T09:13:46.361+0000] {docker.py:403} INFO - 2025-06-12 09:13:46,359 - __main__ - INFO - Processing 9/950: CPRO.JK
[2025-06-12T09:13:46.843+0000] {docker.py:403} INFO - 2025-06-12 09:13:46,841 - __main__ - INFO - ✅ Successfully fetched 1199 records for CPRO.JK
[2025-06-12T09:13:47.885+0000] {docker.py:403} INFO - 2025-06-12 09:13:47,883 - __main__ - INFO - Processing batch 15: tickers 141-150
2025-06-12 09:13:47,883 - __main__ - INFO - Processing 0/950: CSAP.JK
[2025-06-12T09:13:48.360+0000] {docker.py:403} INFO - 2025-06-12 09:13:48,357 - __main__ - INFO - ✅ Successfully fetched 1199 records for CSAP.JK
[2025-06-12T09:13:49.360+0000] {docker.py:403} INFO - 2025-06-12 09:13:49,358 - __main__ - INFO - Progress: 0/950 processed | Success: 141 | Failed: 0
2025-06-12 09:13:49,358 - __main__ - INFO - Processing 1/950: CTBN.JK
[2025-06-12T09:13:49.825+0000] {docker.py:403} INFO - 2025-06-12 09:13:49,823 - __main__ - INFO - ✅ Successfully fetched 1199 records for CTBN.JK
[2025-06-12T09:13:50.825+0000] {docker.py:403} INFO - 2025-06-12 09:13:50,823 - __main__ - INFO - Processing 2/950: CTRA.JK
[2025-06-12T09:13:51.311+0000] {docker.py:403} INFO - 2025-06-12 09:13:51,309 - __main__ - INFO - ✅ Successfully fetched 1199 records for CTRA.JK
[2025-06-12T09:13:52.312+0000] {docker.py:403} INFO - 2025-06-12 09:13:52,309 - __main__ - INFO - Processing 3/950: CTTH.JK
[2025-06-12T09:13:52.728+0000] {docker.py:403} INFO - 2025-06-12 09:13:52,726 - __main__ - INFO - ✅ Successfully fetched 1199 records for CTTH.JK
[2025-06-12T09:13:53.729+0000] {docker.py:403} INFO - 2025-06-12 09:13:53,727 - __main__ - INFO - Processing 4/950: DART.JK
[2025-06-12T09:13:54.178+0000] {docker.py:403} INFO - 2025-06-12 09:13:54,176 - __main__ - INFO - ✅ Successfully fetched 1199 records for DART.JK
[2025-06-12T09:13:55.179+0000] {docker.py:403} INFO - 2025-06-12 09:13:55,176 - __main__ - INFO - Processing 5/950: DEFI.JK
[2025-06-12T09:13:55.613+0000] {docker.py:403} INFO - 2025-06-12 09:13:55,611 - __main__ - INFO - ✅ Successfully fetched 1199 records for DEFI.JK
[2025-06-12T09:13:56.614+0000] {docker.py:403} INFO - 2025-06-12 09:13:56,611 - __main__ - INFO - Processing 6/950: DEWA.JK
[2025-06-12T09:13:57.072+0000] {docker.py:403} INFO - 2025-06-12 09:13:57,070 - __main__ - INFO - ✅ Successfully fetched 1199 records for DEWA.JK
[2025-06-12T09:13:58.073+0000] {docker.py:403} INFO - 2025-06-12 09:13:58,070 - __main__ - INFO - Processing 7/950: DGIK.JK
[2025-06-12T09:13:58.520+0000] {docker.py:403} INFO - 2025-06-12 09:13:58,518 - __main__ - INFO - ✅ Successfully fetched 1199 records for DGIK.JK
[2025-06-12T09:13:59.521+0000] {docker.py:403} INFO - 2025-06-12 09:13:59,518 - __main__ - INFO - Processing 8/950: DILD.JK
[2025-06-12T09:13:59.941+0000] {docker.py:403} INFO - 2025-06-12 09:13:59,939 - __main__ - INFO - ✅ Successfully fetched 1199 records for DILD.JK
[2025-06-12T09:14:00.942+0000] {docker.py:403} INFO - 2025-06-12 09:14:00,939 - __main__ - INFO - Processing 9/950: DKFT.JK
[2025-06-12T09:14:01.380+0000] {docker.py:403} INFO - 2025-06-12 09:14:01,377 - __main__ - INFO - ✅ Successfully fetched 1199 records for DKFT.JK
[2025-06-12T09:14:02.424+0000] {docker.py:403} INFO - 2025-06-12 09:14:02,422 - __main__ - INFO - Intermediate save - 150 tickers processed
2025-06-12 09:14:02,422 - __main__ - INFO - Processing batch 16: tickers 151-160
2025-06-12 09:14:02,422 - __main__ - INFO - Processing 0/950: DLTA.JK
[2025-06-12T09:14:02.922+0000] {docker.py:403} INFO - 2025-06-12 09:14:02,920 - __main__ - INFO - ✅ Successfully fetched 1199 records for DLTA.JK
[2025-06-12T09:14:03.923+0000] {docker.py:403} INFO - 2025-06-12 09:14:03,920 - __main__ - INFO - Progress: 0/950 processed | Success: 151 | Failed: 0
2025-06-12 09:14:03,921 - __main__ - INFO - Processing 1/950: DMAS.JK
[2025-06-12T09:14:04.437+0000] {docker.py:403} INFO - 2025-06-12 09:14:04,434 - __main__ - INFO - ✅ Successfully fetched 1199 records for DMAS.JK
[2025-06-12T09:14:05.436+0000] {docker.py:403} INFO - 2025-06-12 09:14:05,434 - __main__ - INFO - Processing 2/950: DNAR.JK
[2025-06-12T09:14:05.869+0000] {docker.py:403} INFO - 2025-06-12 09:14:05,867 - __main__ - INFO - ✅ Successfully fetched 1199 records for DNAR.JK
[2025-06-12T09:14:06.871+0000] {docker.py:403} INFO - 2025-06-12 09:14:06,868 - __main__ - INFO - Processing 3/950: DNET.JK
[2025-06-12T09:14:07.295+0000] {docker.py:403} INFO - 2025-06-12 09:14:07,293 - __main__ - INFO - ✅ Successfully fetched 1199 records for DNET.JK
[2025-06-12T09:14:08.297+0000] {docker.py:403} INFO - 2025-06-12 09:14:08,294 - __main__ - INFO - Processing 4/950: DOID.JK
[2025-06-12T09:14:08.791+0000] {docker.py:403} INFO - 2025-06-12 09:14:08,788 - __main__ - INFO - ✅ Successfully fetched 1199 records for DOID.JK
[2025-06-12T09:14:09.791+0000] {docker.py:403} INFO - 2025-06-12 09:14:09,788 - __main__ - INFO - Processing 5/950: DPNS.JK
[2025-06-12T09:14:10.289+0000] {docker.py:403} INFO - 2025-06-12 09:14:10,286 - __main__ - INFO - ✅ Successfully fetched 1199 records for DPNS.JK
[2025-06-12T09:14:11.290+0000] {docker.py:403} INFO - 2025-06-12 09:14:11,287 - __main__ - INFO - Processing 6/950: DSFI.JK
[2025-06-12T09:14:11.774+0000] {docker.py:403} INFO - 2025-06-12 09:14:11,772 - __main__ - INFO - ✅ Successfully fetched 1199 records for DSFI.JK
[2025-06-12T09:14:12.775+0000] {docker.py:403} INFO - 2025-06-12 09:14:12,772 - __main__ - INFO - Processing 7/950: DSNG.JK
[2025-06-12T09:14:13.246+0000] {docker.py:403} INFO - 2025-06-12 09:14:13,243 - __main__ - INFO - ✅ Successfully fetched 1199 records for DSNG.JK
[2025-06-12T09:14:14.246+0000] {docker.py:403} INFO - 2025-06-12 09:14:14,244 - __main__ - INFO - Processing 8/950: DSSA.JK
[2025-06-12T09:14:14.710+0000] {docker.py:403} INFO - 2025-06-12 09:14:14,707 - __main__ - INFO - ✅ Successfully fetched 1199 records for DSSA.JK
[2025-06-12T09:14:15.710+0000] {docker.py:403} INFO - 2025-06-12 09:14:15,708 - __main__ - INFO - Processing 9/950: DUTI.JK
[2025-06-12T09:14:17.980+0000] {docker.py:403} INFO - 2025-06-12 09:14:17,978 - __main__ - INFO - ✅ Successfully fetched 1199 records for DUTI.JK
[2025-06-12T09:14:19.028+0000] {docker.py:403} INFO - 2025-06-12 09:14:19,025 - __main__ - INFO - Processing batch 17: tickers 161-170
2025-06-12 09:14:19,026 - __main__ - INFO - Processing 0/950: DVLA.JK
[2025-06-12T09:14:19.545+0000] {docker.py:403} INFO - 2025-06-12 09:14:19,543 - __main__ - INFO - ✅ Successfully fetched 1199 records for DVLA.JK
[2025-06-12T09:14:20.545+0000] {docker.py:403} INFO - 2025-06-12 09:14:20,543 - __main__ - INFO - Progress: 0/950 processed | Success: 161 | Failed: 0
2025-06-12 09:14:20,543 - __main__ - INFO - Processing 1/950: DYAN.JK
[2025-06-12T09:14:21.057+0000] {docker.py:403} INFO - 2025-06-12 09:14:21,054 - __main__ - INFO - ✅ Successfully fetched 1199 records for DYAN.JK
[2025-06-12T09:14:22.058+0000] {docker.py:403} INFO - 2025-06-12 09:14:22,055 - __main__ - INFO - Processing 2/950: ECII.JK
[2025-06-12T09:14:22.506+0000] {docker.py:403} INFO - 2025-06-12 09:14:22,503 - __main__ - INFO - ✅ Successfully fetched 1199 records for ECII.JK
[2025-06-12T09:14:23.507+0000] {docker.py:403} INFO - 2025-06-12 09:14:23,504 - __main__ - INFO - Processing 3/950: EKAD.JK
[2025-06-12T09:14:24.010+0000] {docker.py:403} INFO - 2025-06-12 09:14:24,007 - __main__ - INFO - ✅ Successfully fetched 1199 records for EKAD.JK
[2025-06-12T09:14:25.011+0000] {docker.py:403} INFO - 2025-06-12 09:14:25,008 - __main__ - INFO - Processing 4/950: ELSA.JK
[2025-06-12T09:14:25.488+0000] {docker.py:403} INFO - 2025-06-12 09:14:25,486 - __main__ - INFO - ✅ Successfully fetched 1199 records for ELSA.JK
[2025-06-12T09:14:26.489+0000] {docker.py:403} INFO - 2025-06-12 09:14:26,487 - __main__ - INFO - Processing 5/950: ELTY.JK
[2025-06-12T09:14:26.900+0000] {docker.py:403} INFO - 2025-06-12 09:14:26,898 - __main__ - INFO - ✅ Successfully fetched 1199 records for ELTY.JK
[2025-06-12T09:14:27.901+0000] {docker.py:403} INFO - 2025-06-12 09:14:27,898 - __main__ - INFO - Processing 6/950: EMDE.JK
[2025-06-12T09:14:28.328+0000] {docker.py:403} INFO - 2025-06-12 09:14:28,325 - __main__ - INFO - ✅ Successfully fetched 1199 records for EMDE.JK
[2025-06-12T09:14:29.328+0000] {docker.py:403} INFO - 2025-06-12 09:14:29,326 - __main__ - INFO - Processing 7/950: EMTK.JK
[2025-06-12T09:14:29.820+0000] {docker.py:403} INFO - 2025-06-12 09:14:29,817 - __main__ - INFO - ✅ Successfully fetched 1199 records for EMTK.JK
[2025-06-12T09:14:30.820+0000] {docker.py:403} INFO - 2025-06-12 09:14:30,818 - __main__ - INFO - Processing 8/950: ENRG.JK
[2025-06-12T09:14:31.248+0000] {docker.py:403} INFO - 2025-06-12 09:14:31,245 - __main__ - INFO - ✅ Successfully fetched 1199 records for ENRG.JK
[2025-06-12T09:14:32.248+0000] {docker.py:403} INFO - 2025-06-12 09:14:32,246 - __main__ - INFO - Processing 9/950: EPMT.JK
[2025-06-12T09:14:32.782+0000] {docker.py:403} INFO - 2025-06-12 09:14:32,780 - __main__ - INFO - ✅ Successfully fetched 1199 records for EPMT.JK
[2025-06-12T09:14:33.829+0000] {docker.py:403} INFO - 2025-06-12 09:14:33,827 - __main__ - INFO - Processing batch 18: tickers 171-180
2025-06-12 09:14:33,827 - __main__ - INFO - Processing 0/950: ERAA.JK
[2025-06-12T09:14:34.300+0000] {docker.py:403} INFO - 2025-06-12 09:14:34,297 - __main__ - INFO - ✅ Successfully fetched 1199 records for ERAA.JK
[2025-06-12T09:14:35.300+0000] {docker.py:403} INFO - 2025-06-12 09:14:35,298 - __main__ - INFO - Progress: 0/950 processed | Success: 171 | Failed: 0
2025-06-12 09:14:35,298 - __main__ - INFO - Processing 1/950: ERTX.JK
[2025-06-12T09:14:35.913+0000] {docker.py:403} INFO - 2025-06-12 09:14:35,910 - __main__ - INFO - ✅ Successfully fetched 1199 records for ERTX.JK
[2025-06-12T09:14:36.913+0000] {docker.py:403} INFO - 2025-06-12 09:14:36,911 - __main__ - INFO - Processing 2/950: ESSA.JK
[2025-06-12T09:14:37.387+0000] {docker.py:403} INFO - 2025-06-12 09:14:37,384 - __main__ - INFO - ✅ Successfully fetched 1199 records for ESSA.JK
[2025-06-12T09:14:38.387+0000] {docker.py:403} INFO - 2025-06-12 09:14:38,385 - __main__ - INFO - Processing 3/950: ESTI.JK
[2025-06-12T09:14:38.960+0000] {docker.py:403} INFO - 2025-06-12 09:14:38,957 - __main__ - INFO - ✅ Successfully fetched 1199 records for ESTI.JK
[2025-06-12T09:14:39.960+0000] {docker.py:403} INFO - 2025-06-12 09:14:39,957 - __main__ - INFO - Processing 4/950: ETWA.JK
[2025-06-12T09:14:40.424+0000] {docker.py:403} INFO - 2025-06-12 09:14:40,422 - __main__ - INFO - ✅ Successfully fetched 1199 records for ETWA.JK
[2025-06-12T09:14:41.425+0000] {docker.py:403} INFO - 2025-06-12 09:14:41,422 - __main__ - INFO - Processing 5/950: EXCL.JK
[2025-06-12T09:14:41.914+0000] {docker.py:403} INFO - 2025-06-12 09:14:41,912 - __main__ - INFO - ✅ Successfully fetched 1199 records for EXCL.JK
[2025-06-12T09:14:42.915+0000] {docker.py:403} INFO - 2025-06-12 09:14:42,913 - __main__ - INFO - Processing 6/950: FAST.JK
[2025-06-12T09:14:43.461+0000] {docker.py:403} INFO - 2025-06-12 09:14:43,459 - __main__ - INFO - ✅ Successfully fetched 1199 records for FAST.JK
[2025-06-12T09:14:44.461+0000] {docker.py:403} INFO - 2025-06-12 09:14:44,459 - __main__ - INFO - Processing 7/950: FASW.JK
[2025-06-12T09:14:44.927+0000] {docker.py:403} INFO - 2025-06-12 09:14:44,925 - __main__ - INFO - ✅ Successfully fetched 1199 records for FASW.JK
[2025-06-12T09:14:45.927+0000] {docker.py:403} INFO - 2025-06-12 09:14:45,925 - __main__ - INFO - Processing 8/950: FISH.JK
[2025-06-12T09:14:46.421+0000] {docker.py:403} INFO - 2025-06-12 09:14:46,419 - __main__ - INFO - ✅ Successfully fetched 1199 records for FISH.JK
[2025-06-12T09:14:47.423+0000] {docker.py:403} INFO - 2025-06-12 09:14:47,419 - __main__ - INFO - Processing 9/950: FMII.JK
[2025-06-12T09:14:48.547+0000] {docker.py:403} INFO - 2025-06-12 09:14:48,545 - __main__ - INFO - ✅ Successfully fetched 1199 records for FMII.JK
[2025-06-12T09:14:50.750+0000] {docker.py:403} INFO - 2025-06-12 09:14:50,748 - __main__ - INFO - Processing batch 19: tickers 181-190
2025-06-12 09:14:50,748 - __main__ - INFO - Processing 0/950: FORU.JK
[2025-06-12T09:14:51.245+0000] {docker.py:403} INFO - 2025-06-12 09:14:51,243 - __main__ - INFO - ✅ Successfully fetched 1199 records for FORU.JK
[2025-06-12T09:14:52.246+0000] {docker.py:403} INFO - 2025-06-12 09:14:52,244 - __main__ - INFO - Progress: 0/950 processed | Success: 181 | Failed: 0
2025-06-12 09:14:52,244 - __main__ - INFO - Processing 1/950: FPNI.JK
[2025-06-12T09:14:52.749+0000] {docker.py:403} INFO - 2025-06-12 09:14:52,746 - __main__ - INFO - ✅ Successfully fetched 1199 records for FPNI.JK
[2025-06-12T09:14:53.749+0000] {docker.py:403} INFO - 2025-06-12 09:14:53,747 - __main__ - INFO - Processing 2/950: FREN.JK
[2025-06-12T09:14:54.163+0000] {docker.py:403} INFO - 2025-06-12 09:14:54,161 - __main__ - INFO - ✅ Successfully fetched 1181 records for FREN.JK
[2025-06-12T09:14:55.164+0000] {docker.py:403} INFO - 2025-06-12 09:14:55,162 - __main__ - INFO - Processing 3/950: GAMA.JK
[2025-06-12T09:14:55.569+0000] {docker.py:403} INFO - 2025-06-12 09:14:55,567 - __main__ - INFO - ✅ Successfully fetched 1199 records for GAMA.JK
[2025-06-12T09:14:56.570+0000] {docker.py:403} INFO - 2025-06-12 09:14:56,567 - __main__ - INFO - Processing 4/950: GDST.JK
[2025-06-12T09:14:56.995+0000] {docker.py:403} INFO - 2025-06-12 09:14:56,993 - __main__ - INFO - ✅ Successfully fetched 1199 records for GDST.JK
[2025-06-12T09:14:57.997+0000] {docker.py:403} INFO - 2025-06-12 09:14:57,994 - __main__ - INFO - Processing 5/950: GDYR.JK
[2025-06-12T09:14:58.493+0000] {docker.py:403} INFO - 2025-06-12 09:14:58,491 - __main__ - INFO - ✅ Successfully fetched 1199 records for GDYR.JK
[2025-06-12T09:14:59.476+0000] {local_task_job_runner.py:292} WARNING - State of this instance has been externally set to failed. Terminating instance.
[2025-06-12T09:14:59.483+0000] {process_utils.py:135} INFO - Sending Signals.SIGTERM to group 271. PIDs of all processes in the group: [271]
[2025-06-12T09:14:59.484+0000] {process_utils.py:86} INFO - Sending the signal Signals.SIGTERM to group 271
[2025-06-12T09:14:59.485+0000] {taskinstance.py:1517} ERROR - Received SIGTERM. Terminating subprocesses.
[2025-06-12T09:14:59.486+0000] {docker.py:495} INFO - Stopping docker container
[2025-06-12T09:15:10.217+0000] {process_utils.py:79} INFO - Process psutil.Process(pid=271, status='terminated', exitcode=0, started='09:10:04') (271) terminated with exit code 0
