[2025-06-12T09:01:51.863+0000] {taskinstance.py:1103} INFO - Dependencies all met for dep_context=non-requeueable deps ti=<TaskInstance: yfinance_pipeline.extract_yfinance manual__2025-06-12T09:01:49.924358+00:00 [queued]>
[2025-06-12T09:01:51.880+0000] {taskinstance.py:1103} INFO - Dependencies all met for dep_context=requeueable deps ti=<TaskInstance: yfinance_pipeline.extract_yfinance manual__2025-06-12T09:01:49.924358+00:00 [queued]>
[2025-06-12T09:01:51.880+0000] {taskinstance.py:1308} INFO - Starting attempt 1 of 2
[2025-06-12T09:01:51.910+0000] {taskinstance.py:1327} INFO - Executing <Task(DockerOperator): extract_yfinance> on 2025-06-12 09:01:49.924358+00:00
[2025-06-12T09:01:51.917+0000] {standard_task_runner.py:57} INFO - Started process 188 to run task
[2025-06-12T09:01:51.921+0000] {standard_task_runner.py:84} INFO - Running: ['***', 'tasks', 'run', 'yfinance_pipeline', 'extract_yfinance', 'manual__2025-06-12T09:01:49.924358+00:00', '--job-id', '23', '--raw', '--subdir', 'DAGS_FOLDER/yfinance_pipeline_dag.py', '--cfg-path', '/tmp/tmpucwigexm']
[2025-06-12T09:01:51.923+0000] {standard_task_runner.py:85} INFO - Job 23: Subtask extract_yfinance
[2025-06-12T09:01:51.993+0000] {task_command.py:410} INFO - Running <TaskInstance: yfinance_pipeline.extract_yfinance manual__2025-06-12T09:01:49.924358+00:00 [running]> on host c8950c9ffc98
[2025-06-12T09:01:52.164+0000] {taskinstance.py:1547} INFO - Exporting env vars: AIRFLOW_CTX_DAG_OWNER='***' AIRFLOW_CTX_DAG_ID='yfinance_pipeline' AIRFLOW_CTX_TASK_ID='extract_yfinance' AIRFLOW_CTX_EXECUTION_DATE='2025-06-12T09:01:49.924358+00:00' AIRFLOW_CTX_TRY_NUMBER='1' AIRFLOW_CTX_DAG_RUN_ID='manual__2025-06-12T09:01:49.924358+00:00'
[2025-06-12T09:01:52.289+0000] {docker.py:334} INFO - Starting docker container from image yfinance_extraction:latest
[2025-06-12T09:01:54.564+0000] {docker.py:403} INFO - 2025-06-12 09:01:54,561 - __main__ - INFO - ==================================================
2025-06-12 09:01:54,561 - __main__ - INFO - YFINANCE DATA FETCHER - 5 YEARS HISTORICAL DATA
[2025-06-12T09:01:54.565+0000] {docker.py:403} INFO - 2025-06-12 09:01:54,561 - __main__ - INFO - ==================================================
[2025-06-12T09:01:54.566+0000] {docker.py:403} INFO - 2025-06-12 09:01:54,562 - __main__ - INFO - Fetching data from 2020-06-13 to 2025-06-12
[2025-06-12T09:01:54.890+0000] {docker.py:403} INFO - 2025-06-12 09:01:54,887 - __main__ - INFO - Successfully loaded 950 tickers from /app/tickers.xlsx
2025-06-12 09:01:54,888 - __main__ - INFO - Processing batch 1: tickers 1-10
[2025-06-12T09:01:54.891+0000] {docker.py:403} INFO - 2025-06-12 09:01:54,888 - __main__ - INFO - Processing 0/950: AALI.JK
[2025-06-12T09:02:01.107+0000] {docker.py:403} INFO - 2025-06-12 09:02:01,104 - __main__ - INFO - ✅ Successfully fetched 1199 records for AALI.JK
[2025-06-12T09:02:02.108+0000] {docker.py:403} INFO - 2025-06-12 09:02:02,105 - __main__ - INFO - Progress: 0/950 processed | Success: 1 | Failed: 0
[2025-06-12T09:02:02.110+0000] {docker.py:403} INFO - 2025-06-12 09:02:02,106 - __main__ - INFO - Processing 1/950: ABBA.JK
[2025-06-12T09:02:03.489+0000] {docker.py:403} INFO - 2025-06-12 09:02:03,486 - __main__ - INFO - ✅ Successfully fetched 1199 records for ABBA.JK
[2025-06-12T09:02:04.489+0000] {docker.py:403} INFO - 2025-06-12 09:02:04,487 - __main__ - INFO - Processing 2/950: ABDA.JK
[2025-06-12T09:02:07.415+0000] {docker.py:403} INFO - 2025-06-12 09:02:07,413 - __main__ - INFO - ✅ Successfully fetched 1199 records for ABDA.JK
[2025-06-12T09:02:08.416+0000] {docker.py:403} INFO - 2025-06-12 09:02:08,413 - __main__ - INFO - Processing 3/950: ABMM.JK
[2025-06-12T09:02:09.951+0000] {docker.py:403} INFO - 2025-06-12 09:02:09,949 - __main__ - INFO - ✅ Successfully fetched 1199 records for ABMM.JK
[2025-06-12T09:02:10.952+0000] {docker.py:403} INFO - 2025-06-12 09:02:10,950 - __main__ - INFO - Processing 4/950: ACES.JK
[2025-06-12T09:02:12.476+0000] {docker.py:403} INFO - 2025-06-12 09:02:12,473 - __main__ - INFO - ✅ Successfully fetched 1199 records for ACES.JK
[2025-06-12T09:02:13.478+0000] {docker.py:403} INFO - 2025-06-12 09:02:13,473 - __main__ - INFO - Processing 5/950: ACST.JK
[2025-06-12T09:02:14.882+0000] {docker.py:403} INFO - 2025-06-12 09:02:14,880 - __main__ - INFO - ✅ Successfully fetched 1199 records for ACST.JK
[2025-06-12T09:02:15.885+0000] {docker.py:403} INFO - 2025-06-12 09:02:15,881 - __main__ - INFO - Processing 6/950: ADES.JK
[2025-06-12T09:02:17.240+0000] {docker.py:403} INFO - 2025-06-12 09:02:17,238 - __main__ - INFO - ✅ Successfully fetched 1199 records for ADES.JK
[2025-06-12T09:02:18.240+0000] {docker.py:403} INFO - 2025-06-12 09:02:18,238 - __main__ - INFO - Processing 7/950: ADHI.JK
[2025-06-12T09:02:19.635+0000] {docker.py:403} INFO - 2025-06-12 09:02:19,633 - __main__ - INFO - ✅ Successfully fetched 1199 records for ADHI.JK
[2025-06-12T09:02:20.636+0000] {docker.py:403} INFO - 2025-06-12 09:02:20,633 - __main__ - INFO - Processing 8/950: ADMF.JK
[2025-06-12T09:02:22.005+0000] {docker.py:403} INFO - 2025-06-12 09:02:22,002 - __main__ - INFO - ✅ Successfully fetched 1199 records for ADMF.JK
[2025-06-12T09:02:23.005+0000] {docker.py:403} INFO - 2025-06-12 09:02:23,003 - __main__ - INFO - Processing 9/950: ADMG.JK
[2025-06-12T09:02:24.337+0000] {docker.py:403} INFO - 2025-06-12 09:02:24,335 - __main__ - INFO - ✅ Successfully fetched 1199 records for ADMG.JK
[2025-06-12T09:02:25.385+0000] {docker.py:403} INFO - 2025-06-12 09:02:25,383 - __main__ - INFO - Processing batch 2: tickers 11-20
2025-06-12 09:02:25,383 - __main__ - INFO - Processing 0/950: ADRO.JK
[2025-06-12T09:02:26.869+0000] {docker.py:403} INFO - 2025-06-12 09:02:26,866 - __main__ - INFO - ✅ Successfully fetched 1199 records for ADRO.JK
[2025-06-12T09:02:27.870+0000] {docker.py:403} INFO - 2025-06-12 09:02:27,866 - __main__ - INFO - Progress: 0/950 processed | Success: 11 | Failed: 0
2025-06-12 09:02:27,867 - __main__ - INFO - Processing 1/950: AGII.JK
[2025-06-12T09:02:29.189+0000] {docker.py:403} INFO - 2025-06-12 09:02:29,187 - __main__ - INFO - ✅ Successfully fetched 1199 records for AGII.JK
[2025-06-12T09:02:30.190+0000] {docker.py:403} INFO - 2025-06-12 09:02:30,188 - __main__ - INFO - Processing 2/950: AGRO.JK
[2025-06-12T09:02:31.559+0000] {docker.py:403} INFO - 2025-06-12 09:02:31,556 - __main__ - INFO - ✅ Successfully fetched 1199 records for AGRO.JK
[2025-06-12T09:02:32.559+0000] {docker.py:403} INFO - 2025-06-12 09:02:32,557 - __main__ - INFO - Processing 3/950: AGRS.JK
[2025-06-12T09:02:34.004+0000] {docker.py:403} INFO - 2025-06-12 09:02:34,002 - __main__ - INFO - ✅ Successfully fetched 1199 records for AGRS.JK
[2025-06-12T09:02:35.006+0000] {docker.py:403} INFO - 2025-06-12 09:02:35,003 - __main__ - INFO - Processing 4/950: AHAP.JK
[2025-06-12T09:02:36.434+0000] {docker.py:403} INFO - 2025-06-12 09:02:36,432 - __main__ - INFO - ✅ Successfully fetched 1199 records for AHAP.JK
[2025-06-12T09:02:39.151+0000] {docker.py:403} INFO - 2025-06-12 09:02:39,149 - __main__ - INFO - Processing 5/950: AIMS.JK
[2025-06-12T09:02:40.675+0000] {docker.py:403} INFO - 2025-06-12 09:02:40,673 - __main__ - INFO - ✅ Successfully fetched 1199 records for AIMS.JK
[2025-06-12T09:02:41.676+0000] {docker.py:403} INFO - 2025-06-12 09:02:41,673 - __main__ - INFO - Processing 6/950: AISA.JK
[2025-06-12T09:02:42.993+0000] {docker.py:403} INFO - 2025-06-12 09:02:42,990 - __main__ - INFO - ✅ Successfully fetched 1199 records for AISA.JK
[2025-06-12T09:02:43.993+0000] {docker.py:403} INFO - 2025-06-12 09:02:43,991 - __main__ - INFO - Processing 7/950: AKKU.JK
[2025-06-12T09:02:45.140+0000] {docker.py:403} INFO - 2025-06-12 09:02:45,138 - __main__ - INFO - ✅ Successfully fetched 1199 records for AKKU.JK
[2025-06-12T09:02:46.140+0000] {docker.py:403} INFO - 2025-06-12 09:02:46,138 - __main__ - INFO - Processing 8/950: AKPI.JK
[2025-06-12T09:02:47.582+0000] {docker.py:403} INFO - 2025-06-12 09:02:47,580 - __main__ - INFO - ✅ Successfully fetched 1199 records for AKPI.JK
[2025-06-12T09:02:48.583+0000] {docker.py:403} INFO - 2025-06-12 09:02:48,581 - __main__ - INFO - Processing 9/950: AKRA.JK
[2025-06-12T09:02:50.238+0000] {docker.py:403} INFO - 2025-06-12 09:02:50,236 - __main__ - INFO - ✅ Successfully fetched 1199 records for AKRA.JK
[2025-06-12T09:02:51.290+0000] {docker.py:403} INFO - 2025-06-12 09:02:51,287 - __main__ - INFO - Processing batch 3: tickers 21-30
2025-06-12 09:02:51,288 - __main__ - INFO - Processing 0/950: AKSI.JK
[2025-06-12T09:02:52.699+0000] {docker.py:403} INFO - 2025-06-12 09:02:52,697 - __main__ - INFO - ✅ Successfully fetched 1199 records for AKSI.JK
[2025-06-12T09:02:53.700+0000] {docker.py:403} INFO - 2025-06-12 09:02:53,697 - __main__ - INFO - Progress: 0/950 processed | Success: 21 | Failed: 0
2025-06-12 09:02:53,697 - __main__ - INFO - Processing 1/950: ALDO.JK
[2025-06-12T09:02:55.078+0000] {docker.py:403} INFO - 2025-06-12 09:02:55,075 - __main__ - INFO - ✅ Successfully fetched 1199 records for ALDO.JK
[2025-06-12T09:02:56.078+0000] {docker.py:403} INFO - 2025-06-12 09:02:56,076 - __main__ - INFO - Processing 2/950: ALKA.JK
[2025-06-12T09:02:57.390+0000] {docker.py:403} INFO - 2025-06-12 09:02:57,388 - __main__ - INFO - ✅ Successfully fetched 1199 records for ALKA.JK
[2025-06-12T09:02:58.391+0000] {docker.py:403} INFO - 2025-06-12 09:02:58,388 - __main__ - INFO - Processing 3/950: ALMI.JK
[2025-06-12T09:02:59.762+0000] {docker.py:403} INFO - 2025-06-12 09:02:59,760 - __main__ - INFO - ✅ Successfully fetched 1199 records for ALMI.JK
[2025-06-12T09:03:00.763+0000] {docker.py:403} INFO - 2025-06-12 09:03:00,760 - __main__ - INFO - Processing 4/950: ALTO.JK
[2025-06-12T09:03:01.896+0000] {docker.py:403} INFO - 2025-06-12 09:03:01,894 - __main__ - INFO - ✅ Successfully fetched 1199 records for ALTO.JK
[2025-06-12T09:03:02.897+0000] {docker.py:403} INFO - 2025-06-12 09:03:02,894 - __main__ - INFO - Processing 5/950: AMAG.JK
[2025-06-12T09:03:04.304+0000] {docker.py:403} INFO - 2025-06-12 09:03:04,301 - __main__ - INFO - ✅ Successfully fetched 1199 records for AMAG.JK
[2025-06-12T09:03:05.304+0000] {docker.py:403} INFO - 2025-06-12 09:03:05,302 - __main__ - INFO - Processing 6/950: AMFG.JK
[2025-06-12T09:03:06.698+0000] {docker.py:403} INFO - 2025-06-12 09:03:06,696 - __main__ - INFO - ✅ Successfully fetched 1199 records for AMFG.JK
[2025-06-12T09:03:07.699+0000] {docker.py:403} INFO - 2025-06-12 09:03:07,696 - __main__ - INFO - Processing 7/950: AMIN.JK
[2025-06-12T09:03:11.227+0000] {docker.py:403} INFO - 2025-06-12 09:03:11,224 - __main__ - INFO - ✅ Successfully fetched 1199 records for AMIN.JK
[2025-06-12T09:03:12.227+0000] {docker.py:403} INFO - 2025-06-12 09:03:12,225 - __main__ - INFO - Processing 8/950: AMRT.JK
[2025-06-12T09:03:13.679+0000] {docker.py:403} INFO - 2025-06-12 09:03:13,677 - __main__ - INFO - ✅ Successfully fetched 1199 records for AMRT.JK
[2025-06-12T09:03:14.680+0000] {docker.py:403} INFO - 2025-06-12 09:03:14,677 - __main__ - INFO - Processing 9/950: ANJT.JK
[2025-06-12T09:03:16.054+0000] {docker.py:403} INFO - 2025-06-12 09:03:16,052 - __main__ - INFO - ✅ Successfully fetched 1199 records for ANJT.JK
[2025-06-12T09:03:17.091+0000] {docker.py:403} INFO - 2025-06-12 09:03:17,088 - __main__ - INFO - Processing batch 4: tickers 31-40
2025-06-12 09:03:17,088 - __main__ - INFO - Processing 0/950: ANTM.JK
[2025-06-12T09:03:18.526+0000] {docker.py:403} INFO - 2025-06-12 09:03:18,524 - __main__ - INFO - ✅ Successfully fetched 1199 records for ANTM.JK
[2025-06-12T09:03:19.527+0000] {docker.py:403} INFO - 2025-06-12 09:03:19,524 - __main__ - INFO - Progress: 0/950 processed | Success: 31 | Failed: 0
2025-06-12 09:03:19,525 - __main__ - INFO - Processing 1/950: APEX.JK
[2025-06-12T09:03:20.909+0000] {docker.py:403} INFO - 2025-06-12 09:03:20,907 - __main__ - INFO - ✅ Successfully fetched 1199 records for APEX.JK
[2025-06-12T09:03:21.910+0000] {docker.py:403} INFO - 2025-06-12 09:03:21,907 - __main__ - INFO - Processing 2/950: APIC.JK
[2025-06-12T09:03:23.266+0000] {docker.py:403} INFO - 2025-06-12 09:03:23,264 - __main__ - INFO - ✅ Successfully fetched 1199 records for APIC.JK
[2025-06-12T09:03:24.266+0000] {docker.py:403} INFO - 2025-06-12 09:03:24,264 - __main__ - INFO - Processing 3/950: APII.JK
[2025-06-12T09:03:25.527+0000] {docker.py:403} INFO - 2025-06-12 09:03:25,525 - __main__ - INFO - ✅ Successfully fetched 1199 records for APII.JK
[2025-06-12T09:03:26.527+0000] {docker.py:403} INFO - 2025-06-12 09:03:26,525 - __main__ - INFO - Processing 4/950: APLI.JK
[2025-06-12T09:03:27.905+0000] {docker.py:403} INFO - 2025-06-12 09:03:27,902 - __main__ - INFO - ✅ Successfully fetched 1199 records for APLI.JK
[2025-06-12T09:03:28.906+0000] {docker.py:403} INFO - 2025-06-12 09:03:28,903 - __main__ - INFO - Processing 5/950: APLN.JK
[2025-06-12T09:03:30.225+0000] {docker.py:403} INFO - 2025-06-12 09:03:30,223 - __main__ - INFO - ✅ Successfully fetched 1199 records for APLN.JK
[2025-06-12T09:03:31.226+0000] {docker.py:403} INFO - 2025-06-12 09:03:31,223 - __main__ - INFO - Processing 6/950: ARGO.JK
[2025-06-12T09:03:32.313+0000] {docker.py:403} INFO - 2025-06-12 09:03:32,310 - __main__ - INFO - ✅ Successfully fetched 1199 records for ARGO.JK
[2025-06-12T09:03:33.313+0000] {docker.py:403} INFO - 2025-06-12 09:03:33,311 - __main__ - INFO - Processing 7/950: ARII.JK
[2025-06-12T09:03:34.598+0000] {docker.py:403} INFO - 2025-06-12 09:03:34,596 - __main__ - INFO - ✅ Successfully fetched 1199 records for ARII.JK
[2025-06-12T09:03:35.599+0000] {docker.py:403} INFO - 2025-06-12 09:03:35,596 - __main__ - INFO - Processing 8/950: ARNA.JK
[2025-06-12T09:03:37.213+0000] {docker.py:403} INFO - 2025-06-12 09:03:37,210 - __main__ - INFO - ✅ Successfully fetched 1199 records for ARNA.JK
[2025-06-12T09:03:38.213+0000] {docker.py:403} INFO - 2025-06-12 09:03:38,210 - __main__ - INFO - Processing 9/950: ARTA.JK
[2025-06-12T09:03:39.982+0000] {docker.py:403} INFO - 2025-06-12 09:03:39,980 - __main__ - INFO - ✅ Successfully fetched 1199 records for ARTA.JK
[2025-06-12T09:03:42.725+0000] {docker.py:403} INFO - 2025-06-12 09:03:42,723 - __main__ - INFO - Processing batch 5: tickers 41-50
2025-06-12 09:03:42,723 - __main__ - INFO - Processing 0/950: ARTI.JK
[2025-06-12T09:03:44.119+0000] {docker.py:403} INFO - 2025-06-12 09:03:44,115 - __main__ - INFO - ✅ Successfully fetched 1199 records for ARTI.JK
[2025-06-12T09:03:45.131+0000] {docker.py:403} INFO - 2025-06-12 09:03:45,116 - __main__ - INFO - Progress: 0/950 processed | Success: 41 | Failed: 0
2025-06-12 09:03:45,117 - __main__ - INFO - Processing 1/950: ARTO.JK
[2025-06-12T09:03:46.776+0000] {docker.py:403} INFO - 2025-06-12 09:03:46,773 - __main__ - INFO - ✅ Successfully fetched 1199 records for ARTO.JK
[2025-06-12T09:03:47.777+0000] {docker.py:403} INFO - 2025-06-12 09:03:47,773 - __main__ - INFO - Processing 2/950: ASBI.JK
[2025-06-12T09:03:49.375+0000] {docker.py:403} INFO - 2025-06-12 09:03:49,373 - __main__ - INFO - ✅ Successfully fetched 1199 records for ASBI.JK
[2025-06-12T09:03:50.376+0000] {docker.py:403} INFO - 2025-06-12 09:03:50,373 - __main__ - INFO - Processing 3/950: ASDM.JK
[2025-06-12T09:03:52.120+0000] {docker.py:403} INFO - 2025-06-12 09:03:52,118 - __main__ - INFO - ✅ Successfully fetched 1199 records for ASDM.JK
[2025-06-12T09:03:53.121+0000] {docker.py:403} INFO - 2025-06-12 09:03:53,119 - __main__ - INFO - Processing 4/950: ASGR.JK
[2025-06-12T09:03:54.458+0000] {docker.py:403} INFO - 2025-06-12 09:03:54,456 - __main__ - INFO - ✅ Successfully fetched 1199 records for ASGR.JK
[2025-06-12T09:03:55.458+0000] {docker.py:403} INFO - 2025-06-12 09:03:55,456 - __main__ - INFO - Processing 5/950: ASII.JK
[2025-06-12T09:03:56.852+0000] {docker.py:403} INFO - 2025-06-12 09:03:56,849 - __main__ - INFO - ✅ Successfully fetched 1199 records for ASII.JK
[2025-06-12T09:03:57.852+0000] {docker.py:403} INFO - 2025-06-12 09:03:57,850 - __main__ - INFO - Processing 6/950: ASJT.JK
[2025-06-12T09:03:59.234+0000] {docker.py:403} INFO - 2025-06-12 09:03:59,232 - __main__ - INFO - ✅ Successfully fetched 1199 records for ASJT.JK
[2025-06-12T09:04:00.235+0000] {docker.py:403} INFO - 2025-06-12 09:04:00,232 - __main__ - INFO - Processing 7/950: ASMI.JK
[2025-06-12T09:04:01.561+0000] {docker.py:403} INFO - 2025-06-12 09:04:01,558 - __main__ - INFO - ✅ Successfully fetched 1199 records for ASMI.JK
[2025-06-12T09:04:02.561+0000] {docker.py:403} INFO - 2025-06-12 09:04:02,559 - __main__ - INFO - Processing 8/950: ASRI.JK
[2025-06-12T09:04:03.878+0000] {docker.py:403} INFO - 2025-06-12 09:04:03,876 - __main__ - INFO - ✅ Successfully fetched 1199 records for ASRI.JK
[2025-06-12T09:04:04.879+0000] {docker.py:403} INFO - 2025-06-12 09:04:04,876 - __main__ - INFO - Processing 9/950: ASRM.JK
[2025-06-12T09:04:06.249+0000] {docker.py:403} INFO - 2025-06-12 09:04:06,247 - __main__ - INFO - ✅ Successfully fetched 1199 records for ASRM.JK
[2025-06-12T09:04:07.299+0000] {docker.py:403} INFO - 2025-06-12 09:04:07,297 - __main__ - INFO - Intermediate save - 50 tickers processed
2025-06-12 09:04:07,297 - __main__ - INFO - Processing batch 6: tickers 51-60
2025-06-12 09:04:07,298 - __main__ - INFO - Processing 0/950: ASSA.JK
[2025-06-12T09:04:08.816+0000] {docker.py:403} INFO - 2025-06-12 09:04:08,814 - __main__ - INFO - ✅ Successfully fetched 1199 records for ASSA.JK
[2025-06-12T09:04:09.817+0000] {docker.py:403} INFO - 2025-06-12 09:04:09,814 - __main__ - INFO - Progress: 0/950 processed | Success: 51 | Failed: 0
2025-06-12 09:04:09,814 - __main__ - INFO - Processing 1/950: ATIC.JK
[2025-06-12T09:04:11.136+0000] {docker.py:403} INFO - 2025-06-12 09:04:11,134 - __main__ - INFO - ✅ Successfully fetched 1199 records for ATIC.JK
[2025-06-12T09:04:14.013+0000] {docker.py:403} INFO - 2025-06-12 09:04:14,011 - __main__ - INFO - Processing 2/950: AUTO.JK
[2025-06-12T09:04:15.412+0000] {docker.py:403} INFO - 2025-06-12 09:04:15,410 - __main__ - INFO - ✅ Successfully fetched 1199 records for AUTO.JK
[2025-06-12T09:04:16.413+0000] {docker.py:403} INFO - 2025-06-12 09:04:16,411 - __main__ - INFO - Processing 3/950: BABP.JK
[2025-06-12T09:04:17.749+0000] {docker.py:403} INFO - 2025-06-12 09:04:17,747 - __main__ - INFO - ✅ Successfully fetched 1199 records for BABP.JK
[2025-06-12T09:04:18.751+0000] {docker.py:403} INFO - 2025-06-12 09:04:18,747 - __main__ - INFO - Processing 4/950: BACA.JK
[2025-06-12T09:04:20.069+0000] {docker.py:403} INFO - 2025-06-12 09:04:20,067 - __main__ - INFO - ✅ Successfully fetched 1199 records for BACA.JK
[2025-06-12T09:04:21.070+0000] {docker.py:403} INFO - 2025-06-12 09:04:21,067 - __main__ - INFO - Processing 5/950: BAJA.JK
[2025-06-12T09:04:22.466+0000] {docker.py:403} INFO - 2025-06-12 09:04:22,463 - __main__ - INFO - ✅ Successfully fetched 1199 records for BAJA.JK
[2025-06-12T09:04:23.466+0000] {docker.py:403} INFO - 2025-06-12 09:04:23,464 - __main__ - INFO - Processing 6/950: BALI.JK
[2025-06-12T09:04:24.803+0000] {docker.py:403} INFO - 2025-06-12 09:04:24,800 - __main__ - INFO - ✅ Successfully fetched 1199 records for BALI.JK
[2025-06-12T09:04:25.803+0000] {docker.py:403} INFO - 2025-06-12 09:04:25,801 - __main__ - INFO - Processing 7/950: BAPA.JK
[2025-06-12T09:04:27.122+0000] {docker.py:403} INFO - 2025-06-12 09:04:27,120 - __main__ - INFO - ✅ Successfully fetched 1199 records for BAPA.JK
[2025-06-12T09:04:28.123+0000] {docker.py:403} INFO - 2025-06-12 09:04:28,120 - __main__ - INFO - Processing 8/950: BATA.JK
[2025-06-12T09:04:29.207+0000] {docker.py:403} INFO - 2025-06-12 09:04:29,205 - __main__ - INFO - ✅ Successfully fetched 1199 records for BATA.JK
[2025-06-12T09:04:30.208+0000] {docker.py:403} INFO - 2025-06-12 09:04:30,205 - __main__ - INFO - Processing 9/950: BAYU.JK
[2025-06-12T09:04:31.560+0000] {docker.py:403} INFO - 2025-06-12 09:04:31,558 - __main__ - INFO - ✅ Successfully fetched 1199 records for BAYU.JK
[2025-06-12T09:04:32.601+0000] {docker.py:403} INFO - 2025-06-12 09:04:32,598 - __main__ - INFO - Processing batch 7: tickers 61-70
2025-06-12 09:04:32,598 - __main__ - INFO - Processing 0/950: BBCA.JK
[2025-06-12T09:04:33.988+0000] {docker.py:403} INFO - 2025-06-12 09:04:33,986 - __main__ - INFO - ✅ Successfully fetched 1199 records for BBCA.JK
[2025-06-12T09:04:34.989+0000] {docker.py:403} INFO - 2025-06-12 09:04:34,986 - __main__ - INFO - Progress: 0/950 processed | Success: 61 | Failed: 0
2025-06-12 09:04:34,986 - __main__ - INFO - Processing 1/950: BBHI.JK
[2025-06-12T09:04:36.270+0000] {docker.py:403} INFO - 2025-06-12 09:04:36,268 - __main__ - INFO - ✅ Successfully fetched 1199 records for BBHI.JK
[2025-06-12T09:04:37.271+0000] {docker.py:403} INFO - 2025-06-12 09:04:37,268 - __main__ - INFO - Processing 2/950: BBKP.JK
[2025-06-12T09:04:38.775+0000] {docker.py:403} INFO - 2025-06-12 09:04:38,772 - __main__ - INFO - ✅ Successfully fetched 1199 records for BBKP.JK
[2025-06-12T09:04:39.776+0000] {docker.py:403} INFO - 2025-06-12 09:04:39,773 - __main__ - INFO - Processing 3/950: BBLD.JK
[2025-06-12T09:04:41.161+0000] {docker.py:403} INFO - 2025-06-12 09:04:41,159 - __main__ - INFO - ✅ Successfully fetched 1199 records for BBLD.JK
[2025-06-12T09:04:42.162+0000] {docker.py:403} INFO - 2025-06-12 09:04:42,159 - __main__ - INFO - Processing 4/950: BBMD.JK
[2025-06-12T09:04:43.513+0000] {docker.py:403} INFO - 2025-06-12 09:04:43,511 - __main__ - INFO - ✅ Successfully fetched 1199 records for BBMD.JK
[2025-06-12T09:04:46.274+0000] {docker.py:403} INFO - 2025-06-12 09:04:46,272 - __main__ - INFO - Processing 5/950: BBNI.JK
[2025-06-12T09:04:48.288+0000] {docker.py:403} INFO - 2025-06-12 09:04:48,286 - __main__ - INFO - ✅ Successfully fetched 1199 records for BBNI.JK
[2025-06-12T09:04:49.289+0000] {docker.py:403} INFO - 2025-06-12 09:04:49,287 - __main__ - INFO - Processing 6/950: BBRI.JK
[2025-06-12T09:04:50.730+0000] {docker.py:403} INFO - 2025-06-12 09:04:50,727 - __main__ - INFO - ✅ Successfully fetched 1199 records for BBRI.JK
[2025-06-12T09:04:51.729+0000] {docker.py:403} INFO - 2025-06-12 09:04:51,727 - __main__ - INFO - Processing 7/950: BBRM.JK
[2025-06-12T09:04:52.815+0000] {docker.py:403} INFO - 2025-06-12 09:04:52,812 - __main__ - INFO - ✅ Successfully fetched 1199 records for BBRM.JK
[2025-06-12T09:04:53.816+0000] {docker.py:403} INFO - 2025-06-12 09:04:53,813 - __main__ - INFO - Processing 8/950: BBTN.JK
[2025-06-12T09:04:55.167+0000] {docker.py:403} INFO - 2025-06-12 09:04:55,164 - __main__ - INFO - ✅ Successfully fetched 1199 records for BBTN.JK
[2025-06-12T09:04:56.168+0000] {docker.py:403} INFO - 2025-06-12 09:04:56,165 - __main__ - INFO - Processing 9/950: BBYB.JK
[2025-06-12T09:04:57.541+0000] {docker.py:403} INFO - 2025-06-12 09:04:57,539 - __main__ - INFO - ✅ Successfully fetched 1199 records for BBYB.JK
[2025-06-12T09:04:58.647+0000] {docker.py:403} INFO - 2025-06-12 09:04:58,641 - __main__ - INFO - Processing batch 8: tickers 71-80
[2025-06-12T09:04:58.648+0000] {docker.py:403} INFO - 2025-06-12 09:04:58,642 - __main__ - INFO - Processing 0/950: BCAP.JK
[2025-06-12T09:05:00.057+0000] {docker.py:403} INFO - 2025-06-12 09:05:00,054 - __main__ - INFO - ✅ Successfully fetched 1199 records for BCAP.JK
[2025-06-12T09:05:01.057+0000] {docker.py:403} INFO - 2025-06-12 09:05:01,055 - __main__ - INFO - Progress: 0/950 processed | Success: 71 | Failed: 0
2025-06-12 09:05:01,055 - __main__ - INFO - Processing 1/950: BCIC.JK
[2025-06-12T09:05:02.362+0000] {docker.py:403} INFO - 2025-06-12 09:05:02,360 - __main__ - INFO - ✅ Successfully fetched 1199 records for BCIC.JK
[2025-06-12T09:05:03.363+0000] {docker.py:403} INFO - 2025-06-12 09:05:03,361 - __main__ - INFO - Processing 2/950: BCIP.JK
[2025-06-12T09:05:04.662+0000] {docker.py:403} INFO - 2025-06-12 09:05:04,660 - __main__ - INFO - ✅ Successfully fetched 1199 records for BCIP.JK
[2025-06-12T09:05:04.803+0000] {local_task_job_runner.py:292} WARNING - State of this instance has been externally set to success. Terminating instance.
[2025-06-12T09:05:04.808+0000] {process_utils.py:135} INFO - Sending Signals.SIGTERM to group 188. PIDs of all processes in the group: [188]
[2025-06-12T09:05:04.809+0000] {process_utils.py:86} INFO - Sending the signal Signals.SIGTERM to group 188
[2025-06-12T09:05:04.811+0000] {taskinstance.py:1517} ERROR - Received SIGTERM. Terminating subprocesses.
[2025-06-12T09:05:04.811+0000] {docker.py:495} INFO - Stopping docker container
[2025-06-12T09:05:15.397+0000] {process_utils.py:79} INFO - Process psutil.Process(pid=188, status='terminated', exitcode=0, started='09:01:51') (188) terminated with exit code 0
